#
# A fatal error has been detected by the Java Runtime Environment:
#
#  EXCEPTION_ACCESS_VIOLATION (0xc0000005) at pc=0x00007ffc924e3004, pid=11292, tid=608
#
# JRE version: OpenJDK Runtime Environment (24.0.1+9) (build 24.0.1+9-30)
# Java VM: OpenJDK 64-Bit Server VM (24.0.1+9-30, mixed mode, emulated-client, sharing, tiered, compressed oops, compressed class ptrs, g1 gc, windows-amd64)
# Problematic frame:
# C  [libasyncProfiler.dll+0x93004]
#
# No core dump will be written. Minidumps are not enabled by default on client versions of Windows
#
# If you would like to submit a bug report, please visit:
#   https://bugreport.java.com/bugreport/crash.jsp
# The crash happened outside the Java Virtual Machine in native code.
# See problematic frame for where to report the bug.
#

---------------  S U M M A R Y ------------

Command Line: -agentlib:jdwp=transport=dt_socket,address=127.0.0.1:52849,suspend=y,server=n -agentpath:C:\Users\user\AppData\Local\Temp\idea_libasyncProfiler_dll_temp_folder1\libasyncProfiler.dll=version,jfr,event=wall,interval=10ms,cstack=no,file=C:\Users\user\IdeaSnapshots\SpringYoutubeApplication_2025_07_27_175238.jfr,dbghelppath=C:\Users\user\AppData\Local\Temp\idea_dbghelp_dll_temp_folder\dbghelp.dll,log=C:\Users\user\AppData\Local\Temp\SpringYoutubeApplication_2025_07_27_175238.jfr.log.txt,logLevel=DEBUG -XX:TieredStopAtLevel=1 -Dspring.output.ansi.enabled=always -Dcom.sun.management.jmxremote -Dspring.jmx.enabled=true -Dspring.liveBeansView.mbeanDomain -Dspring.application.admin.enabled=true -Dmanagement.endpoints.jmx.exposure.include=* -javaagent:C:\Users\user\AppData\Local\JetBrains\IntelliJIdea2024.3\captureAgent\debugger-agent.jar -Dkotlinx.coroutines.debug.enable.creation.stack.trace=false -Ddebugger.agent.enable.coroutines=true -Dkotlinx.coroutines.debug.enable.flows.stack.trace=true -Dkotlinx.coroutines.debug.enable.mutable.state.flows.stack.trace=true -Dfile.encoding=UTF-8 -Dsun.stdout.encoding=UTF-8 -Dsun.stderr.encoding=UTF-8 kun_Youtube.uz.SpringYoutubeApplication

Host: AMD Ryzen 3 PRO 2300U w/ Radeon Vega Mobile Gfx, 4 cores, 6G,  Windows 10 , 64 bit Build 19041 (10.0.19041.1741)
Time: Sun Jul 27 17:57:49 2025 West Asia Standard Time elapsed time: 310.532430 seconds (0d 0h 5m 10s)

---------------  T H R E A D  ---------------

Current thread (0x00000188c1090ed0):  JavaThread "Attach Listener" daemon [_thread_in_native, id=608, stack(0x000000502f200000,0x000000502f300000) (1024K)]

Stack: [0x000000502f200000,0x000000502f300000],  sp=0x000000502f2ff290,  free space=1020k
Native frames: (J=compiled Java code, j=interpreted, Vv=VM code, C=native code)
C  [libasyncProfiler.dll+0x93004]  (no source info available)
C  [libasyncProfiler.dll+0x934db]  (no source info available)
C  [libasyncProfiler.dll+0x92134]  (no source info available)
C  [libasyncProfiler.dll+0x929aa]  (no source info available)
C  [libasyncProfiler.dll+0x8d561]  (no source info available)
C  [libasyncProfiler.dll+0x7ef21]  (no source info available)
C  [libasyncProfiler.dll+0x7dc38]  (no source info available)
C  [libasyncProfiler.dll+0x7db20]  (no source info available)
C  [libasyncProfiler.dll+0x84af9]  (no source info available)
V  [jvm.dll+0x57eff7]  (no source info available)
V  [jvm.dll+0x57fdac]  (no source info available)
V  [jvm.dll+0x14ca17]  (no source info available)
V  [jvm.dll+0x14dfe1]  (no source info available)
V  [jvm.dll+0x42f456]  (no source info available)
V  [jvm.dll+0x87d76b]  (no source info available)
V  [jvm.dll+0x72ee55]  (no source info available)
C  [ucrtbase.dll+0x21bb2]  (no source info available)
C  [KERNEL32.DLL+0x17034]  (no source info available)
C  [ntdll.dll+0x52651]  (no source info available)


siginfo: EXCEPTION_ACCESS_VIOLATION (0xc0000005), reading address 0xffffffffffffffff


Registers:
RAX=0x0000000000000010, RBX=0x0000000000000000, RCX=0xffffffffffffffff, RDX=0x007ffc8de0300010
RSP=0x000000502f2ff290, RBP=0x00000188c18fa308, RSI=0x000000502f2ff400, RDI=0x00000188c18fa308
R8 =0x0000000000000042, R9 =0x00000000914b7b90, R10=0x00007ffc8e079fb0, R11=0x00000000000001d4
R12=0x000000502f2ff400, R13=0x00000188dfd3c240, R14=0x00000188c1091298, R15=0x00000188c1091298
RIP=0x00007ffc924e3004, EFLAGS=0x0000000000010202

XMM[0]=0x0000000000000000 0x0000000000000000
XMM[1]=0x0000000000000000 0x0000000000000000
XMM[2]=0x0000000000000000 0x0000000000000000
XMM[3]=0x0000000000000000 0x0000000000000000
XMM[4]=0x0000000000000000 0x0000000000000000
XMM[5]=0x0000000000000000 0x0000000000000000
XMM[6]=0x0000000000000000 0x0000000000000000
XMM[7]=0x0000000000000000 0x0000000000000000
XMM[8]=0x0000000000000000 0x0000000000000000
XMM[9]=0x0000000000000000 0x0000000000000000
XMM[10]=0x0000000000000000 0x0000000000000000
XMM[11]=0x0000000000000000 0x0000000000000000
XMM[12]=0x0000000000000000 0x0000000000000000
XMM[13]=0x0000000000000000 0x0000000000000000
XMM[14]=0x0000000000000000 0x0000000000000000
XMM[15]=0x0000000000000000 0x0000000000000000
  MXCSR=0x00001fa0


Register to memory mapping:

RAX=0x0000000000000010 is an unknown value
RBX=0x0 is null
RCX=0xffffffffffffffff is an unknown value
RDX=0x007ffc8de0300010 is an unknown value
RSP=0x000000502f2ff290 is pointing into the stack for thread: 0x00000188c1090ed0
RBP=0x00000188c18fa308 points into unknown readable memory: 0x00000000914b7b90 | 90 7b 4b 91 00 00 00 00
RSI=0x000000502f2ff400 is pointing into the stack for thread: 0x00000188c1090ed0
RDI=0x00000188c18fa308 points into unknown readable memory: 0x00000000914b7b90 | 90 7b 4b 91 00 00 00 00
R8 =0x0000000000000042 is an unknown value
R9 =0x00000000914b7b90 is an oop: java.lang.ref.Reference$ReferenceHandler 
{0x00000000914b7b90} - klass: 'java/lang/ref/Reference$ReferenceHandler' - flags: 

 - ---- fields (total size 14 words):
 - 'threadLocalRandomProbe' 'I' @12  0 (0x00000000)
 - private volatile 'eetop' 'J' @16  1686865734928 (0x00000188c1086d10)
 - private final 'tid' 'J' @24  13 (0x000000000000000d)
 - 'threadLocalRandomSeed' 'J' @32  0 (0x0000000000000000)
 - injected 'jvmti_thread_state' 'J' @40  1686866795424 (0x00000188c1189ba0)
 - 'threadLocalRandomSecondarySeed' 'I' @48  0 (0x00000000)
 - injected 'jvmti_VTMS_transition_disable_count' 'I' @52  0 (0x00000000)
 - injected 'jfr_epoch' 'S' @56  0 (0x0000)
 - volatile 'interrupted' 'Z' @58  false (0x00)
 - injected 'jvmti_is_in_VTMS_transition' 'Z' @59  false (0x00)
 - private volatile 'name' 'Ljava/lang/String;' @60  "Reference Handler"{0x00000000ffe0a468} (0xffe0a468)
 - private volatile 'contextClassLoader' 'Ljava/lang/ClassLoader;' @64  null (0x00000000)
 - private final 'holder' 'Ljava/lang/Thread$FieldHolder;' @68  a 'java/lang/Thread$FieldHolder'{0x0000000091442e78} (0x91442e78)
 - 'threadLocals' 'Ljava/lang/ThreadLocal$ThreadLocalMap;' @72  null (0x00000000)
 - 'inheritableThreadLocals' 'Ljava/lang/ThreadLocal$ThreadLocalMap;' @76  null (0x00000000)
 - private 'scopedValueBindings' 'Ljava/lang/Object;' @80  a 'java/lang/Class'{0x00000000ffe7c258} = 'java/lang/Thread' (0xffe7c258)
 - final 'interruptLock' 'Ljava/lang/Object;' @84  a 'java/lang/Object'{0x0000000091442e68} (0x91442e68)
 - private volatile 'parkBlocker' 'Ljava/lang/Object;' @88  null (0x00000000)
 - private 'nioBlocker' 'Lsun/nio/ch/Interruptible;' @92  null (0x00000000)
 - private 'cont' 'Ljdk/internal/vm/Continuation;' @96  null (0x00000000)
 - private volatile 'uncaughtExceptionHandler' 'Ljava/lang/Thread$UncaughtExceptionHandler;' @100  null (0x00000000)
 - private 'container' 'Ljdk/internal/vm/ThreadContainer;' @104  null (0x00000000)
 - private volatile 'headStackableScopes' 'Ljdk/internal/vm/StackableScope;' @108  null (0x00000000)
R10=0x00007ffc8e079fb0 jvm.dll
R11=0x00000000000001d4 is an unknown value
R12=0x000000502f2ff400 is pointing into the stack for thread: 0x00000188c1090ed0
R13=0x00000188dfd3c240 points into unknown readable memory: 0x00007ffc8dfea510 | 10 a5 fe 8d fc 7f 00 00
R14=0x00000188c1091298 points into unknown readable memory: 0x00007ffc8dfe17b0 | b0 17 fe 8d fc 7f 00 00
R15=0x00000188c1091298 points into unknown readable memory: 0x00007ffc8dfe17b0 | b0 17 fe 8d fc 7f 00 00

Top of Stack: (sp=0x000000502f2ff290)
0x000000502f2ff290:   000000502f2ff400 00000188c18fa308   ..//P...........
0x000000502f2ff2a0:   0000000000000000 00000188c1091620   ........ .......
0x000000502f2ff2b0:   000000000000002c 00007ffc924e34db   ,........4N.....
0x000000502f2ff2c0:   0000000000000000 00000188c1091298   ................
0x000000502f2ff2d0:   000000502f2ff401 0000000000000000   ..//P...........
0x000000502f2ff2e0:   00000188d0424140 00007ffc924e2134   @AB.....4!N.....
0x000000502f2ff2f0:   0000000000000000 000000000000002c   ........,.......
0x000000502f2ff300:   0000000000000000 000000000000002c   ........,.......
0x000000502f2ff310:   0000001c00000000 00000188d0083e60   ........`>......
0x000000502f2ff320:   00000188d0424140 00000188d04241f0   @AB......AB.....
0x000000502f2ff330:   00000188d042423c 0000005000002e5c   <BB.....\...P...
0x000000502f2ff340:   0000000000000000 0000000000000000   ................
0x000000502f2ff350:   0000000000000000 00007ffc8d8457d4   .........W......
0x000000502f2ff360:   00007ffc9263ae00 0000000000002c1c   ..c......,......
0x000000502f2ff370:   00007ffc9263ae00 00000000ffffffff   ..c.............
0x000000502f2ff380:   0000000000000000 00007ffc924e29aa   .........)N.....
0x000000502f2ff390:   00000188c1091298 0000000000000000   ................
0x000000502f2ff3a0:   000000502f2ff409 00000188dfd3c240   ..//P...@.......
0x000000502f2ff3b0:   00000188000064d6 0000000000000000   .d..............
0x000000502f2ff3c0:   00000188ddbe0000 00000188d0168da0   ................
0x000000502f2ff3d0:   00000188c1091298 00007ffc9263ae00   ..........c.....
0x000000502f2ff3e0:   0000000000100000 0000000000001000   ................
0x000000502f2ff3f0:   000000502f2ff598 00000188c1091298   ..//P...........
0x000000502f2ff400:   00000188d042b7b0 00000188d042bd30   ..B.....0.B.....
0x000000502f2ff410:   00000188d042bd30 00007ffc9263ae00   0.B.......c.....
0x000000502f2ff420:   000000502f2ff598 00000188dda10000   ..//P...........
0x000000502f2ff430:   000000502f2ff6d0 0000000000008840   ..//P...@.......
0x000000502f2ff440:   000000502f2ff8b0 00007ffc9263ae50   ..//P...P.c.....
0x000000502f2ff450:   0000000000989680 0000000000989680   ................
0x000000502f2ff460:   000000502f2ff570 00007ffc924dd561   p.//P...a.M.....
0x000000502f2ff470:   00007ffc9263ae00 00007ffc9263ae58   ..c.....X.c.....
0x000000502f2ff480:   00007ffc00000000 0000018800000001   ................

Instructions: (pc=0x00007ffc924e3004)
  0x00007ffc924e2f04:   cc cc cc cc cc cc cc cc cc cc cc cc cc cc cc cc
  0x00007ffc924e2f14:   cc cc cc cc cc cc cc cc cc cc cc cc cc cc cc cc
  0x00007ffc924e2f24:   cc cc cc cc cc cc cc cc cc cc cc cc cc cc cc cc
  0x00007ffc924e2f34:   cc cc cc cc cc cc cc cc cc cc cc cc cc cc cc cc
  0x00007ffc924e2f44:   cc cc cc cc cc cc cc cc cc cc cc cc cc cc cc cc
  0x00007ffc924e2f54:   cc cc cc cc cc cc cc cc cc cc cc cc cc cc cc cc
  0x00007ffc924e2f64:   cc cc cc cc cc cc cc cc cc cc cc cc cc cc cc cc
  0x00007ffc924e2f74:   cc cc cc cc cc cc cc cc cc cc cc cc cc cc cc cc
  0x00007ffc924e2f84:   cc cc cc cc cc cc cc cc cc cc cc cc 40 57 48 83
  0x00007ffc924e2f94:   ec 20 48 8b f9 48 8b 0d 30 80 15 00 48 85 c9 74
  0x00007ffc924e2fa4:   20 48 8b 01 48 8d 54 24 38 41 b8 06 00 01 00 4c
  0x00007ffc924e2fb4:   8b 48 30 41 ff d1 85 c0 75 07 48 8b 4c 24 38 eb
  0x00007ffc924e2fc4:   02 33 c9 4c 8b 05 0a 81 15 00 48 89 5c 24 30 4d
  0x00007ffc924e2fd4:   85 c0 74 4a 48 8b 01 48 8b d7 4c 8b 88 28 03 00
  0x00007ffc924e2fe4:   00 41 ff d1 48 85 c0 74 35 48 63 0d b8 3d 15 00
  0x00007ffc924e2ff4:   48 8b 14 01 48 85 d2 74 15 48 63 05 bc 3d 15 00
=>0x00007ffc924e3004:   8b 04 10 48 8b 5c 24 30 48 83 c4 20 5f c3 b8 ff
  0x00007ffc924e3014:   ff ff ff 48 8b 5c 24 30 48 83 c4 20 5f c3 80 3d
  0x00007ffc924e3024:   bb 7f 15 00 00 bb ff ff ff ff 74 20 4c 8b 0d 51
  0x00007ffc924e3034:   7c 15 00 4c 8d 44 24 38 48 8b 0d 35 7c 15 00 48
  0x00007ffc924e3044:   8b d7 41 ff d1 85 c0 0f 44 5c 24 38 8b c3 48 8b
  0x00007ffc924e3054:   5c 24 30 48 83 c4 20 5f c3 cc cc cc cc cc cc cc
  0x00007ffc924e3064:   cc cc cc cc cc cc cc cc cc cc cc cc cc cc cc cc
  0x00007ffc924e3074:   cc cc cc cc cc cc cc cc cc cc cc cc cc cc cc cc
  0x00007ffc924e3084:   cc cc cc cc cc cc cc cc cc cc cc cc 48 89 54 24
  0x00007ffc924e3094:   10 53 55 56 57 41 56 41 57 48 83 ec 28 48 8b f2
  0x00007ffc924e30a4:   4c 8b f1 48 89 4c 24 78 45 33 ff 44 89 7c 24 68
  0x00007ffc924e30b4:   c7 44 24 60 01 00 00 00 48 8d 4c 24 68 e8 69 3c
  0x00007ffc924e30c4:   f7 ff 8b d8 48 8d 4c 24 60 e8 5d 3c f7 ff 8b e8
  0x00007ffc924e30d4:   49 8b ce e8 33 f3 f6 ff 48 8b f8 90 8b c3 f0 0f
  0x00007ffc924e30e4:   b1 2f 74 04 f3 90 eb f4 4c 89 3e 4c 89 7e 08 4c
  0x00007ffc924e30f4:   89 7e 10 49 8b 6e 08 4d 8b 76 10 49 3b ee 0f 84


Stack slot to memory mapping:

stack at sp + 0 slots: 0x000000502f2ff400 is pointing into the stack for thread: 0x00000188c1090ed0
stack at sp + 1 slots: 0x00000188c18fa308 points into unknown readable memory: 0x00000000914b7b90 | 90 7b 4b 91 00 00 00 00
stack at sp + 2 slots: 0x0 is null
stack at sp + 3 slots: 0x00000188c1091620 points into unknown readable memory: 0x6e616c2e6176616a | 6a 61 76 61 2e 6c 61 6e
stack at sp + 4 slots: 0x000000000000002c is an unknown value
stack at sp + 5 slots: 0x00007ffc924e34db libasyncProfiler.dll
stack at sp + 6 slots: 0x0 is null
stack at sp + 7 slots: 0x00000188c1091298 points into unknown readable memory: 0x00007ffc8dfe17b0 | b0 17 fe 8d fc 7f 00 00

Lock stack of current Java thread (top to bottom):


---------------  P R O C E S S  ---------------

Threads class SMR info:
_java_thread_list=0x00000188d018c3d0, length=31, elements={
0x00000188c1086d10, 0x00000188c10880a0, 0x00000188c10903a0, 0x00000188c1090ed0,
0x00000188c1091a00, 0x00000188c1092530, 0x00000188c1093060, 0x00000188c11e79a0,
0x00000188c11c7dd0, 0x00000188c11c8930, 0x00000188c13087e0, 0x00000188c139df70,
0x00000188c68a9650, 0x00000188c99537d0, 0x00000188c994fd50, 0x00000188cab01b00,
0x00000188cab04e30, 0x00000188cab05580, 0x00000188cbba4850, 0x00000188cbba82d0,
0x00000188cbba4100, 0x00000188cbba6ce0, 0x00000188cbba1520, 0x00000188cbba8a20,
0x00000188cbba3260, 0x00000188d01d11c0, 0x00000188d01d2060, 0x00000188d01cde90,
0x00000188d01d1910, 0x00000188d01d27b0, 0x00000188d01ced30
}

Java Threads: ( => current thread )
  0x00000188c1086d10 JavaThread "Reference Handler"          daemon [_thread_blocked, id=7340, stack(0x000000502ef00000,0x000000502f000000) (1024K)]
  0x00000188c10880a0 JavaThread "Finalizer"                  daemon [_thread_blocked, id=7648, stack(0x000000502f000000,0x000000502f100000) (1024K)]
  0x00000188c10903a0 JavaThread "Signal Dispatcher"          daemon [_thread_blocked, id=2188, stack(0x000000502f100000,0x000000502f200000) (1024K)]
=>0x00000188c1090ed0 JavaThread "Attach Listener"            daemon [_thread_in_native, id=608, stack(0x000000502f200000,0x000000502f300000) (1024K)]
  0x00000188c1091a00 JavaThread "Service Thread"             daemon [_thread_blocked, id=9308, stack(0x000000502f300000,0x000000502f400000) (1024K)]
  0x00000188c1092530 JavaThread "Monitor Deflation Thread"   daemon [_thread_blocked, id=1928, stack(0x000000502f400000,0x000000502f500000) (1024K)]
  0x00000188c1093060 JavaThread "C1 CompilerThread0"         daemon [_thread_blocked, id=4564, stack(0x000000502f500000,0x000000502f600000) (1024K)]
  0x00000188c11e79a0 JavaThread "JDWP Transport Listener: dt_socket" daemon [_thread_blocked, id=5948, stack(0x000000502f700000,0x000000502f800000) (1024K)]
  0x00000188c11c7dd0 JavaThread "JDWP Event Helper Thread"   daemon [_thread_blocked, id=9520, stack(0x000000502f800000,0x000000502f900000) (1024K)]
  0x00000188c11c8930 JavaThread "JDWP Command Reader"        daemon [_thread_in_native, id=9092, stack(0x000000502f900000,0x000000502fa00000) (1024K)]
  0x00000188c13087e0 JavaThread "Notification Thread"        daemon [_thread_blocked, id=8052, stack(0x000000502fa00000,0x000000502fb00000) (1024K)]
  0x00000188c139df70 JavaThread "Common-Cleaner"             daemon [_thread_blocked, id=4184, stack(0x000000502fb00000,0x000000502fc00000) (1024K)]
  0x00000188c68a9650 JavaThread "RMI TCP Accept-0"           daemon [_thread_in_native, id=6756, stack(0x000000502fd00000,0x000000502fe00000) (1024K)]
  0x00000188c99537d0 JavaThread "PostgreSQL-JDBC-Cleaner"    daemon [_thread_blocked, id=7216, stack(0x0000005030200000,0x0000005030300000) (1024K)]
  0x00000188c994fd50 JavaThread "HikariPool-1:housekeeper"   daemon [_thread_blocked, id=996, stack(0x0000005030300000,0x0000005030400000) (1024K)]
  0x00000188cab01b00 JavaThread "Catalina-utility-1"                [_thread_blocked, id=7528, stack(0x0000005030500000,0x0000005030600000) (1024K)]
  0x00000188cab04e30 JavaThread "Catalina-utility-2"                [_thread_blocked, id=5740, stack(0x0000005030600000,0x0000005030700000) (1024K)]
  0x00000188cab05580 JavaThread "container-0"                       [_thread_blocked, id=8300, stack(0x0000005030700000,0x0000005030800000) (1024K)]
  0x00000188cbba4850 JavaThread "http-nio-8081-exec-1"       daemon [_thread_blocked, id=7052, stack(0x0000005030400000,0x0000005030500000) (1024K)]
  0x00000188cbba82d0 JavaThread "http-nio-8081-exec-2"       daemon [_thread_blocked, id=10884, stack(0x0000005030800000,0x0000005030900000) (1024K)]
  0x00000188cbba4100 JavaThread "http-nio-8081-exec-3"       daemon [_thread_blocked, id=5344, stack(0x0000005030900000,0x0000005030a00000) (1024K)]
  0x00000188cbba6ce0 JavaThread "http-nio-8081-exec-4"       daemon [_thread_blocked, id=5976, stack(0x0000005030a00000,0x0000005030b00000) (1024K)]
  0x00000188cbba1520 JavaThread "http-nio-8081-exec-5"       daemon [_thread_blocked, id=12432, stack(0x0000005030b00000,0x0000005030c00000) (1024K)]
  0x00000188cbba8a20 JavaThread "http-nio-8081-exec-6"       daemon [_thread_blocked, id=13068, stack(0x0000005030c00000,0x0000005030d00000) (1024K)]
  0x00000188cbba3260 JavaThread "http-nio-8081-exec-7"       daemon [_thread_blocked, id=9692, stack(0x0000005030d00000,0x0000005030e00000) (1024K)]
  0x00000188d01d11c0 JavaThread "http-nio-8081-exec-8"       daemon [_thread_blocked, id=6236, stack(0x0000005030e00000,0x0000005030f00000) (1024K)]
  0x00000188d01d2060 JavaThread "http-nio-8081-exec-9"       daemon [_thread_blocked, id=5452, stack(0x0000005030f00000,0x0000005031000000) (1024K)]
  0x00000188d01cde90 JavaThread "http-nio-8081-exec-10"      daemon [_thread_blocked, id=1952, stack(0x0000005031000000,0x0000005031100000) (1024K)]
  0x00000188d01d1910 JavaThread "http-nio-8081-Poller"       daemon [_thread_in_native, id=13304, stack(0x0000005031100000,0x0000005031200000) (1024K)]
  0x00000188d01d27b0 JavaThread "http-nio-8081-Acceptor"     daemon [_thread_in_native, id=12688, stack(0x0000005031200000,0x0000005031300000) (1024K)]
  0x00000188d01ced30 JavaThread "DestroyJavaVM"                     [_thread_blocked, id=8104, stack(0x000000502e700000,0x000000502e800000) (1024K)]
Total: 31

Other Threads:
  0x00000188dfa82350 VMThread "VM Thread"                           [id=768, stack(0x000000502ee00000,0x000000502ef00000) (1024K)]
  0x00000188df9cde90 WatcherThread "VM Periodic Task Thread"        [id=10792, stack(0x000000502ed00000,0x000000502ee00000) (1024K)]
  0x00000188df8f1b40 WorkerThread "GC Thread#0"                     [id=11024, stack(0x000000502e800000,0x000000502e900000) (1024K)]
  0x00000188c69c6d70 WorkerThread "GC Thread#1"                     [id=8816, stack(0x000000502fe00000,0x000000502ff00000) (1024K)]
  0x00000188c6976f20 WorkerThread "GC Thread#2"                     [id=12084, stack(0x000000502ff00000,0x0000005030000000) (1024K)]
  0x00000188c6967c60 WorkerThread "GC Thread#3"                     [id=1560, stack(0x0000005030000000,0x0000005030100000) (1024K)]
  0x00000188df93ee90 ConcurrentGCThread "G1 Main Marker"            [id=3136, stack(0x000000502e900000,0x000000502ea00000) (1024K)]
  0x00000188df93f7b0 WorkerThread "G1 Conc#0"                       [id=11020, stack(0x000000502ea00000,0x000000502eb00000) (1024K)]
  0x00000188df9c0cf0 ConcurrentGCThread "G1 Refine#0"               [id=12700, stack(0x000000502eb00000,0x000000502ec00000) (1024K)]
  0x00000188df9c1b20 ConcurrentGCThread "G1 Service"                [id=7348, stack(0x000000502ec00000,0x000000502ed00000) (1024K)]
Total: 10

Threads with active compile tasks:
Total: 0

VM state: not at safepoint (normal execution)

VM Mutex/Monitor currently owned by a thread: None

Heap address: 0x0000000091000000, size: 1776 MB, Compressed Oops mode: 32-bit

CDS archive(s) mapped at: [0x0000018880000000-0x0000018880d40000-0x0000018880d40000), size 13893632, SharedBaseAddress: 0x0000018880000000, ArchiveRelocationMode: 1.
Compressed class space mapped at: 0x0000018881000000-0x00000188c1000000, reserved size: 1073741824
UseCompressedClassPointers 1, UseCompactObjectHeaders 0
Narrow klass pointer bits 32, Max shift 3
Narrow klass base: 0x0000018880000000, Narrow klass shift: 0
Encoding Range: [0x0000018880000000 - 0x0000018980000000), (4294967296 bytes)
Klass Range:    [0x0000018880000000 - 0x00000188c1000000), (1090519040 bytes)
Klass ID Range:  [8 - 1090519033) (1090519025)

GC Precious Log:
 CardTable entry size: 512
 Card Set container configuration: InlinePtr #cards 5 size 8 Array Of Cards #cards 10 size 36 Howl #buckets 4 coarsen threshold 1843 Howl Bitmap #cards 512 size 80 coarsen threshold 460 Card regions per heap region 1 cards per card region 2048
 CPUs: 4 total, 4 available
 Memory: 7101M
 Large Page Support: Disabled
 NUMA Support: Disabled
 Compressed Oops: Enabled (32-bit)
 Heap Region Size: 1M
 Heap Min Capacity: 8M
 Heap Initial Capacity: 112M
 Heap Max Capacity: 1776M
 Pre-touch: Disabled
 Parallel Workers: 4
 Concurrent Workers: 1
 Concurrent Refinement Workers: 4
 Periodic GC: Disabled

Heap:
 garbage-first heap   total reserved 1818624K, committed 73728K, used 60385K [0x0000000091000000, 0x0000000100000000)
  region size 1024K, 24 young (24576K), 3 survivors (3072K)
 Metaspace       used 86049K, committed 86720K, reserved 1179648K
  class space    used 9942K, committed 10240K, reserved 1048576K

Heap Regions: E=young(eden), S=young(survivor), O=old, HS=humongous(starts), HC=humongous(continues), CS=collection set, F=free, TAMS=top-at-mark-start, PB=parsable bottom
|   0|0x0000000091000000, 0x0000000091100000, 0x0000000091100000|100%|HS|  |TAMS 0x0000000091000000| PB 0x0000000091000000| Complete |  0
|   1|0x0000000091100000, 0x0000000091200000, 0x0000000091200000|100%|HS|  |TAMS 0x0000000091100000| PB 0x0000000091100000| Complete |  0
|   2|0x0000000091200000, 0x0000000091300000, 0x0000000091300000|100%| O|  |TAMS 0x0000000091200000| PB 0x0000000091200000| Untracked |  0
|   3|0x0000000091300000, 0x0000000091400000, 0x0000000091400000|100%| O|  |TAMS 0x0000000091300000| PB 0x0000000091300000| Untracked |  0
|   4|0x0000000091400000, 0x0000000091500000, 0x0000000091500000|100%| O|  |TAMS 0x0000000091400000| PB 0x0000000091400000| Untracked |  0
|   5|0x0000000091500000, 0x0000000091600000, 0x0000000091600000|100%| O|  |TAMS 0x0000000091500000| PB 0x0000000091500000| Untracked |  0
|   6|0x0000000091600000, 0x0000000091700000, 0x0000000091700000|100%| O|  |TAMS 0x0000000091600000| PB 0x0000000091600000| Untracked |  0
|   7|0x0000000091700000, 0x0000000091800000, 0x0000000091800000|100%| O|  |TAMS 0x0000000091700000| PB 0x0000000091700000| Untracked |  0
|   8|0x0000000091800000, 0x0000000091900000, 0x0000000091900000|100%| O|  |TAMS 0x0000000091800000| PB 0x0000000091800000| Untracked |  0
|   9|0x0000000091900000, 0x0000000091a00000, 0x0000000091a00000|100%| O|  |TAMS 0x0000000091900000| PB 0x0000000091900000| Untracked |  0
|  10|0x0000000091a00000, 0x0000000091b00000, 0x0000000091b00000|100%| O|  |TAMS 0x0000000091a00000| PB 0x0000000091a00000| Untracked |  0
|  11|0x0000000091b00000, 0x0000000091c00000, 0x0000000091c00000|100%| O|  |TAMS 0x0000000091b00000| PB 0x0000000091b00000| Untracked |  0
|  12|0x0000000091c00000, 0x0000000091d00000, 0x0000000091d00000|100%| O|  |TAMS 0x0000000091c00000| PB 0x0000000091c00000| Untracked |  0
|  13|0x0000000091d00000, 0x0000000091e00000, 0x0000000091e00000|100%| O|  |TAMS 0x0000000091d00000| PB 0x0000000091d00000| Untracked |  0
|  14|0x0000000091e00000, 0x0000000091f00000, 0x0000000091f00000|100%| O|  |TAMS 0x0000000091e00000| PB 0x0000000091e00000| Untracked |  0
|  15|0x0000000091f00000, 0x0000000092000000, 0x0000000092000000|100%| O|Cm|TAMS 0x0000000091f00000| PB 0x0000000091f00000| Complete |  0
|  16|0x0000000092000000, 0x0000000092100000, 0x0000000092100000|100%| O|  |TAMS 0x0000000092000000| PB 0x0000000092000000| Untracked |  0
|  17|0x0000000092100000, 0x0000000092200000, 0x0000000092200000|100%| O|  |TAMS 0x0000000092100000| PB 0x0000000092100000| Untracked |  0
|  18|0x0000000092200000, 0x0000000092300000, 0x0000000092300000|100%| O|  |TAMS 0x0000000092200000| PB 0x0000000092200000| Untracked |  0
|  19|0x0000000092300000, 0x0000000092400000, 0x0000000092400000|100%| O|  |TAMS 0x0000000092300000| PB 0x0000000092300000| Untracked |  0
|  20|0x0000000092400000, 0x0000000092500000, 0x0000000092500000|100%| O|  |TAMS 0x0000000092400000| PB 0x0000000092400000| Untracked |  0
|  21|0x0000000092500000, 0x0000000092600000, 0x0000000092600000|100%| O|  |TAMS 0x0000000092500000| PB 0x0000000092500000| Untracked |  0
|  22|0x0000000092600000, 0x0000000092700000, 0x0000000092700000|100%| O|  |TAMS 0x0000000092600000| PB 0x0000000092600000| Untracked |  0
|  23|0x0000000092700000, 0x0000000092800000, 0x0000000092800000|100%| O|  |TAMS 0x0000000092700000| PB 0x0000000092700000| Untracked |  0
|  24|0x0000000092800000, 0x0000000092900000, 0x0000000092900000|100%| O|  |TAMS 0x0000000092800000| PB 0x0000000092800000| Untracked |  0
|  25|0x0000000092900000, 0x0000000092a00000, 0x0000000092a00000|100%| O|  |TAMS 0x0000000092900000| PB 0x0000000092900000| Untracked |  0
|  26|0x0000000092a00000, 0x0000000092b00000, 0x0000000092b00000|100%| O|  |TAMS 0x0000000092a00000| PB 0x0000000092a00000| Untracked |  0
|  27|0x0000000092b00000, 0x0000000092c00000, 0x0000000092c00000|100%| O|  |TAMS 0x0000000092b00000| PB 0x0000000092b00000| Untracked |  0
|  28|0x0000000092c00000, 0x0000000092d00000, 0x0000000092d00000|100%| O|  |TAMS 0x0000000092c00000| PB 0x0000000092c00000| Untracked |  0
|  29|0x0000000092d00000, 0x0000000092e00000, 0x0000000092e00000|100%| O|  |TAMS 0x0000000092d00000| PB 0x0000000092d00000| Untracked |  0
|  30|0x0000000092e00000, 0x0000000092f00000, 0x0000000092f00000|100%| O|  |TAMS 0x0000000092e00000| PB 0x0000000092e00000| Untracked |  0
|  31|0x0000000092f00000, 0x0000000093000000, 0x0000000093000000|100%| O|  |TAMS 0x0000000092f00000| PB 0x0000000092f00000| Untracked |  0
|  32|0x0000000093000000, 0x0000000093100000, 0x0000000093100000|100%| O|Cm|TAMS 0x0000000093000000| PB 0x0000000093000000| Complete |  0
|  33|0x0000000093100000, 0x0000000093200000, 0x0000000093200000|100%| O|  |TAMS 0x0000000093100000| PB 0x0000000093100000| Untracked |  0
|  34|0x0000000093200000, 0x0000000093300000, 0x0000000093300000|100%| O|  |TAMS 0x0000000093200000| PB 0x0000000093200000| Untracked |  0
|  35|0x0000000093300000, 0x0000000093400000, 0x0000000093400000|100%| O|  |TAMS 0x0000000093300000| PB 0x0000000093300000| Untracked |  0
|  36|0x0000000093400000, 0x00000000934cb060, 0x0000000093500000| 79%| O|  |TAMS 0x0000000093400000| PB 0x0000000093400000| Untracked |  0
|  37|0x0000000093500000, 0x0000000093500000, 0x0000000093600000|  0%| F|  |TAMS 0x0000000093500000| PB 0x0000000093500000| Untracked |  0
|  38|0x0000000093600000, 0x0000000093600000, 0x0000000093700000|  0%| F|  |TAMS 0x0000000093600000| PB 0x0000000093600000| Untracked |  0
|  39|0x0000000093700000, 0x0000000093700000, 0x0000000093800000|  0%| F|  |TAMS 0x0000000093700000| PB 0x0000000093700000| Untracked |  0
|  40|0x0000000093800000, 0x0000000093800000, 0x0000000093900000|  0%| F|  |TAMS 0x0000000093800000| PB 0x0000000093800000| Untracked |  0
|  41|0x0000000093900000, 0x0000000093900000, 0x0000000093a00000|  0%| F|  |TAMS 0x0000000093900000| PB 0x0000000093900000| Untracked |  0
|  42|0x0000000093a00000, 0x0000000093a2d720, 0x0000000093b00000| 17%| S|CS|TAMS 0x0000000093a00000| PB 0x0000000093a00000| Complete |  0
|  43|0x0000000093b00000, 0x0000000093b00000, 0x0000000093c00000|  0%| F|  |TAMS 0x0000000093b00000| PB 0x0000000093b00000| Untracked |  0
|  44|0x0000000093c00000, 0x0000000093d00000, 0x0000000093d00000|100%| S|CS|TAMS 0x0000000093c00000| PB 0x0000000093c00000| Complete |  0
|  45|0x0000000093d00000, 0x0000000093e00000, 0x0000000093e00000|100%| S|CS|TAMS 0x0000000093d00000| PB 0x0000000093d00000| Complete |  0
|  46|0x0000000093e00000, 0x0000000093e00000, 0x0000000093f00000|  0%| F|  |TAMS 0x0000000093e00000| PB 0x0000000093e00000| Untracked |  0
|  47|0x0000000093f00000, 0x0000000093f00000, 0x0000000094000000|  0%| F|  |TAMS 0x0000000093f00000| PB 0x0000000093f00000| Untracked |  0
|  48|0x0000000094000000, 0x0000000094000000, 0x0000000094100000|  0%| F|  |TAMS 0x0000000094000000| PB 0x0000000094000000| Untracked |  0
|  49|0x0000000094100000, 0x0000000094100000, 0x0000000094200000|  0%| F|  |TAMS 0x0000000094100000| PB 0x0000000094100000| Untracked |  0
|  50|0x0000000094200000, 0x000000009426e230, 0x0000000094300000| 43%| E|  |TAMS 0x0000000094200000| PB 0x0000000094200000| Complete |  0
|  51|0x0000000094300000, 0x0000000094400000, 0x0000000094400000|100%| E|CS|TAMS 0x0000000094300000| PB 0x0000000094300000| Complete |  0
|  52|0x0000000094400000, 0x0000000094500000, 0x0000000094500000|100%| E|CS|TAMS 0x0000000094400000| PB 0x0000000094400000| Complete |  0
|  53|0x0000000094500000, 0x0000000094600000, 0x0000000094600000|100%| E|  |TAMS 0x0000000094500000| PB 0x0000000094500000| Complete |  0
|  54|0x0000000094600000, 0x0000000094700000, 0x0000000094700000|100%| E|CS|TAMS 0x0000000094600000| PB 0x0000000094600000| Complete |  0
|  55|0x0000000094700000, 0x0000000094800000, 0x0000000094800000|100%| E|CS|TAMS 0x0000000094700000| PB 0x0000000094700000| Complete |  0
|  56|0x0000000094800000, 0x0000000094900000, 0x0000000094900000|100%| E|CS|TAMS 0x0000000094800000| PB 0x0000000094800000| Complete |  0
|  57|0x0000000094900000, 0x0000000094a00000, 0x0000000094a00000|100%| E|CS|TAMS 0x0000000094900000| PB 0x0000000094900000| Complete |  0
|  58|0x0000000094a00000, 0x0000000094b00000, 0x0000000094b00000|100%| E|CS|TAMS 0x0000000094a00000| PB 0x0000000094a00000| Complete |  0
|  59|0x0000000094b00000, 0x0000000094c00000, 0x0000000094c00000|100%| E|CS|TAMS 0x0000000094b00000| PB 0x0000000094b00000| Complete |  0
|  60|0x0000000094c00000, 0x0000000094d00000, 0x0000000094d00000|100%| E|CS|TAMS 0x0000000094c00000| PB 0x0000000094c00000| Complete |  0
|  61|0x0000000094d00000, 0x0000000094e00000, 0x0000000094e00000|100%| E|CS|TAMS 0x0000000094d00000| PB 0x0000000094d00000| Complete |  0
|  62|0x0000000094e00000, 0x0000000094f00000, 0x0000000094f00000|100%| E|CS|TAMS 0x0000000094e00000| PB 0x0000000094e00000| Complete |  0
|  63|0x0000000094f00000, 0x0000000095000000, 0x0000000095000000|100%| E|CS|TAMS 0x0000000094f00000| PB 0x0000000094f00000| Complete |  0
|  64|0x0000000095000000, 0x0000000095100000, 0x0000000095100000|100%| E|CS|TAMS 0x0000000095000000| PB 0x0000000095000000| Complete |  0
|  97|0x0000000097100000, 0x0000000097200000, 0x0000000097200000|100%| E|CS|TAMS 0x0000000097100000| PB 0x0000000097100000| Complete |  0
|  98|0x0000000097200000, 0x0000000097300000, 0x0000000097300000|100%| E|CS|TAMS 0x0000000097200000| PB 0x0000000097200000| Complete |  0
|  99|0x0000000097300000, 0x0000000097400000, 0x0000000097400000|100%| E|CS|TAMS 0x0000000097300000| PB 0x0000000097300000| Complete |  0
| 100|0x0000000097400000, 0x0000000097500000, 0x0000000097500000|100%| E|CS|TAMS 0x0000000097400000| PB 0x0000000097400000| Complete |  0
| 111|0x0000000097f00000, 0x0000000098000000, 0x0000000098000000|100%| E|CS|TAMS 0x0000000097f00000| PB 0x0000000097f00000| Complete |  0
|1774|0x00000000ffe00000, 0x00000000fff00000, 0x00000000fff00000|100%| O|  |TAMS 0x00000000ffe00000| PB 0x00000000ffe00000| Untracked |  0
|1775|0x00000000fff00000, 0x0000000100000000, 0x0000000100000000|100%| E|CS|TAMS 0x00000000fff00000| PB 0x00000000fff00000| Complete |  0

Card table byte_map: [0x00000188ec490000,0x00000188ec810000] _byte_map_base: 0x00000188ec008000

Marking Bits: (CMBitMap*) 0x00000188df92d210
 Bits: [0x00000188ec810000, 0x00000188ee3d0000)

Polling page: 0x00000188df510000

Metaspace:

Usage:
  Non-class:     74.32 MB used.
      Class:      9.71 MB used.
       Both:     84.03 MB used.

Virtual space:
  Non-class space:      128.00 MB reserved,      74.69 MB ( 58%) committed,  2 nodes.
      Class space:        1.00 GB reserved,      10.00 MB ( <1%) committed,  1 nodes.
             Both:        1.12 GB reserved,      84.69 MB (  7%) committed. 

Chunk freelists:
   Non-Class:  5.02 MB
       Class:  5.98 MB
        Both:  11.00 MB

MaxMetaspaceSize: unlimited
CompressedClassSpaceSize: 1.00 GB
Initial GC threshold: 21.00 MB
Current GC threshold: 135.88 MB
CDS: on
 - commit_granule_bytes: 65536.
 - commit_granule_words: 8192.
 - virtual_space_node_default_size: 8388608.
 - enlarge_chunks_in_place: 1.
UseCompressedClassPointers 1, UseCompactObjectHeaders 0
Narrow klass pointer bits 32, Max shift 3
Narrow klass base: 0x0000018880000000, Narrow klass shift: 0
Encoding Range: [0x0000018880000000 - 0x0000018980000000), (4294967296 bytes)
Klass Range:    [0x0000018880000000 - 0x00000188c1000000), (1090519040 bytes)
Klass ID Range:  [8 - 1090519033) (1090519025)


Internal statistics:

num_allocs_failed_limit: 11.
num_arena_births: 896.
num_arena_deaths: 14.
num_vsnodes_births: 3.
num_vsnodes_deaths: 0.
num_space_committed: 1355.
num_space_uncommitted: 0.
num_chunks_returned_to_freelist: 29.
num_chunks_taken_from_freelist: 3753.
num_chunk_merges: 12.
num_chunk_splits: 2819.
num_chunks_enlarged: 2343.
num_inconsistent_stats: 0.

CodeCache: size=49152Kb used=10045Kb max_used=10994Kb free=39107Kb
 bounds [0x00000188e8de0000, 0x00000188e98a0000, 0x00000188ebde0000]
 total_blobs=7766, nmethods=7035, adapters=657, full_count=0
Compilation: enabled, stopped_count=0, restarted_count=0

Compilation events (20 events):
Event: 234.184 Thread 0x00000188c1093060 7134       1       java.util.concurrent.ScheduledThreadPoolExecutor$DelayedWorkQueue::finishPoll (43 bytes)
Event: 234.184 Thread 0x00000188c1093060 nmethod 7134 0x00000188e90c1808 code [0x00000188e90c1920, 0x00000188e90c1b48]
Event: 234.184 Thread 0x00000188c1093060 7135       1       java.util.concurrent.ScheduledThreadPoolExecutor$ScheduledFutureTask::run (57 bytes)
Event: 234.185 Thread 0x00000188c1093060 nmethod 7135 0x00000188e90c0808 code [0x00000188e90c0a40, 0x00000188e90c1770]
Event: 234.185 Thread 0x00000188c1093060 7136       1       java.util.concurrent.ScheduledThreadPoolExecutor$ScheduledFutureTask::isPeriodic (15 bytes)
Event: 234.185 Thread 0x00000188c1093060 nmethod 7136 0x00000188e90c0508 code [0x00000188e90c0600, 0x00000188e90c06e8]
Event: 234.186 Thread 0x00000188c1093060 7137   !   1       java.util.concurrent.FutureTask::runAndReset (18 bytes)
Event: 234.186 Thread 0x00000188c1093060 nmethod 7137 0x00000188e90bfc88 code [0x00000188e90bfe00, 0x00000188e90c0458]
Event: 249.954 Thread 0x00000188c1093060 7138       1       java.util.concurrent.locks.AbstractQueuedSynchronizer::releaseShared (19 bytes)
Event: 249.955 Thread 0x00000188c1093060 nmethod 7138 0x00000188e90bf808 code [0x00000188e90bf960, 0x00000188e90bfbf8]
Event: 259.958 Thread 0x00000188c1093060 7139       1       org.apache.catalina.LifecycleState::isAvailable (5 bytes)
Event: 259.959 Thread 0x00000188c1093060 nmethod 7139 0x00000188e90bf508 code [0x00000188e90bf600, 0x00000188e90bf6c8]
Event: 259.959 Thread 0x00000188c1093060 7140       1       org.apache.catalina.LifecycleEvent::getType (5 bytes)
Event: 259.959 Thread 0x00000188c1093060 nmethod 7140 0x00000188e90bf208 code [0x00000188e90bf300, 0x00000188e90bf3c8]
Event: 310.471 Thread 0x00000188c1093060 7141       1       org.apache.catalina.webresources.CachedResource::getNextCheck (5 bytes)
Event: 310.472 Thread 0x00000188c1093060 nmethod 7141 0x00000188e90beb08 code [0x00000188e90bec00, 0x00000188e90becd0]
Event: 310.472 Thread 0x00000188c1093060 7142       1       org.apache.coyote.AbstractProtocol$$Lambda/0x00000188819588d0::run (8 bytes)
Event: 310.472 Thread 0x00000188c1093060 nmethod 7142 0x00000188e90be808 code [0x00000188e90be920, 0x00000188e90bea10]
Event: 310.472 Thread 0x00000188c1093060 7143       1       org.apache.coyote.AbstractProtocol::lambda$startAsyncTimeout$0 (46 bytes)
Event: 310.472 Thread 0x00000188c1093060 nmethod 7143 0x00000188e90be408 code [0x00000188e90be560, 0x00000188e90be7b8]

GC Heap History (20 events):
Event: 13.148 GC heap before
{Heap before GC invocations=14 (full 0):
 garbage-first heap   total reserved 1818624K, committed 61440K, used 47471K [0x0000000091000000, 0x0000000100000000)
  region size 1024K, 25 young (25600K), 4 survivors (4096K)
 Metaspace       used 60461K, committed 60928K, reserved 1114112K
  class space    used 6481K, committed 6720K, reserved 1048576K
}
Event: 13.158 GC heap after
{Heap after GC invocations=15 (full 0):
 garbage-first heap   total reserved 1818624K, committed 61440K, used 28789K [0x0000000091000000, 0x0000000100000000)
  region size 1024K, 3 young (3072K), 3 survivors (3072K)
 Metaspace       used 60461K, committed 60928K, reserved 1114112K
  class space    used 6481K, committed 6720K, reserved 1048576K
}
Event: 14.518 GC heap before
{Heap before GC invocations=16 (full 0):
 garbage-first heap   total reserved 1818624K, committed 61440K, used 53365K [0x0000000091000000, 0x0000000100000000)
  region size 1024K, 28 young (28672K), 3 survivors (3072K)
 Metaspace       used 64686K, committed 65216K, reserved 1114112K
  class space    used 6971K, committed 7232K, reserved 1048576K
}
Event: 14.529 GC heap after
{Heap after GC invocations=17 (full 0):
 garbage-first heap   total reserved 1818624K, committed 61440K, used 29643K [0x0000000091000000, 0x0000000100000000)
  region size 1024K, 2 young (2048K), 2 survivors (2048K)
 Metaspace       used 64686K, committed 65216K, reserved 1114112K
  class space    used 6971K, committed 7232K, reserved 1048576K
}
Event: 15.315 GC heap before
{Heap before GC invocations=17 (full 0):
 garbage-first heap   total reserved 1818624K, committed 61440K, used 54219K [0x0000000091000000, 0x0000000100000000)
  region size 1024K, 27 young (27648K), 2 survivors (2048K)
 Metaspace       used 68703K, committed 69248K, reserved 1114112K
  class space    used 7460K, committed 7680K, reserved 1048576K
}
Event: 15.328 GC heap after
{Heap after GC invocations=18 (full 0):
 garbage-first heap   total reserved 1818624K, committed 61440K, used 31084K [0x0000000091000000, 0x0000000100000000)
  region size 1024K, 4 young (4096K), 4 survivors (4096K)
 Metaspace       used 68703K, committed 69248K, reserved 1114112K
  class space    used 7460K, committed 7680K, reserved 1048576K
}
Event: 16.009 GC heap before
{Heap before GC invocations=18 (full 0):
 garbage-first heap   total reserved 1818624K, committed 61440K, used 52588K [0x0000000091000000, 0x0000000100000000)
  region size 1024K, 26 young (26624K), 4 survivors (4096K)
 Metaspace       used 71787K, committed 72320K, reserved 1114112K
  class space    used 8152K, committed 8384K, reserved 1048576K
}
Event: 16.024 GC heap after
{Heap after GC invocations=19 (full 0):
 garbage-first heap   total reserved 1818624K, committed 61440K, used 33378K [0x0000000091000000, 0x0000000100000000)
  region size 1024K, 4 young (4096K), 4 survivors (4096K)
 Metaspace       used 71787K, committed 72320K, reserved 1114112K
  class space    used 8152K, committed 8384K, reserved 1048576K
}
Event: 16.259 GC heap before
{Heap before GC invocations=19 (full 0):
 garbage-first heap   total reserved 1818624K, committed 61440K, used 52834K [0x0000000091000000, 0x0000000100000000)
  region size 1024K, 24 young (24576K), 4 survivors (4096K)
 Metaspace       used 73185K, committed 73792K, reserved 1179648K
  class space    used 8322K, committed 8576K, reserved 1048576K
}
Event: 16.270 GC heap after
{Heap after GC invocations=20 (full 0):
 garbage-first heap   total reserved 1818624K, committed 61440K, used 34355K [0x0000000091000000, 0x0000000100000000)
  region size 1024K, 1 young (1024K), 1 survivors (1024K)
 Metaspace       used 73185K, committed 73792K, reserved 1179648K
  class space    used 8322K, committed 8576K, reserved 1048576K
}
Event: 16.565 GC heap before
{Heap before GC invocations=21 (full 0):
 garbage-first heap   total reserved 1818624K, committed 61440K, used 55859K [0x0000000091000000, 0x0000000100000000)
  region size 1024K, 22 young (22528K), 1 survivors (1024K)
 Metaspace       used 73553K, committed 74112K, reserved 1179648K
  class space    used 8409K, committed 8640K, reserved 1048576K
}
Event: 16.569 GC heap after
{Heap after GC invocations=22 (full 0):
 garbage-first heap   total reserved 1818624K, committed 61440K, used 34657K [0x0000000091000000, 0x0000000100000000)
  region size 1024K, 2 young (2048K), 2 survivors (2048K)
 Metaspace       used 73553K, committed 74112K, reserved 1179648K
  class space    used 8409K, committed 8640K, reserved 1048576K
}
Event: 16.688 GC heap before
{Heap before GC invocations=22 (full 0):
 garbage-first heap   total reserved 1818624K, committed 61440K, used 55137K [0x0000000091000000, 0x0000000100000000)
  region size 1024K, 22 young (22528K), 2 survivors (2048K)
 Metaspace       used 73635K, committed 74176K, reserved 1179648K
  class space    used 8425K, committed 8640K, reserved 1048576K
}
Event: 16.696 GC heap after
{Heap after GC invocations=23 (full 0):
 garbage-first heap   total reserved 1818624K, committed 73728K, used 35660K [0x0000000091000000, 0x0000000100000000)
  region size 1024K, 3 young (3072K), 3 survivors (3072K)
 Metaspace       used 73635K, committed 74176K, reserved 1179648K
  class space    used 8425K, committed 8640K, reserved 1048576K
}
Event: 17.587 GC heap before
{Heap before GC invocations=23 (full 0):
 garbage-first heap   total reserved 1818624K, committed 73728K, used 64332K [0x0000000091000000, 0x0000000100000000)
  region size 1024K, 31 young (31744K), 3 survivors (3072K)
 Metaspace       used 75286K, committed 75840K, reserved 1179648K
  class space    used 8652K, committed 8896K, reserved 1048576K
}
Event: 17.594 GC heap after
{Heap after GC invocations=24 (full 0):
 garbage-first heap   total reserved 1818624K, committed 73728K, used 36783K [0x0000000091000000, 0x0000000100000000)
  region size 1024K, 3 young (3072K), 3 survivors (3072K)
 Metaspace       used 75286K, committed 75840K, reserved 1179648K
  class space    used 8652K, committed 8896K, reserved 1048576K
}
Event: 18.630 GC heap before
{Heap before GC invocations=24 (full 0):
 garbage-first heap   total reserved 1818624K, committed 73728K, used 64431K [0x0000000091000000, 0x0000000100000000)
  region size 1024K, 30 young (30720K), 3 survivors (3072K)
 Metaspace       used 78390K, committed 78912K, reserved 1179648K
  class space    used 9049K, committed 9280K, reserved 1048576K
}
Event: 18.643 GC heap after
{Heap after GC invocations=25 (full 0):
 garbage-first heap   total reserved 1818624K, committed 73728K, used 38872K [0x0000000091000000, 0x0000000100000000)
  region size 1024K, 4 young (4096K), 4 survivors (4096K)
 Metaspace       used 78390K, committed 78912K, reserved 1179648K
  class space    used 9049K, committed 9280K, reserved 1048576K
}
Event: 32.702 GC heap before
{Heap before GC invocations=25 (full 0):
 garbage-first heap   total reserved 1818624K, committed 73728K, used 64472K [0x0000000091000000, 0x0000000100000000)
  region size 1024K, 29 young (29696K), 4 survivors (4096K)
 Metaspace       used 82582K, committed 83328K, reserved 1179648K
  class space    used 9536K, committed 9856K, reserved 1048576K
}
Event: 32.716 GC heap after
{Heap after GC invocations=26 (full 0):
 garbage-first heap   total reserved 1818624K, committed 73728K, used 40929K [0x0000000091000000, 0x0000000100000000)
  region size 1024K, 3 young (3072K), 3 survivors (3072K)
 Metaspace       used 82582K, committed 83328K, reserved 1179648K
  class space    used 9536K, committed 9856K, reserved 1048576K
}

Dll operation events (13 events):
Event: 0.026 Loaded shared library C:\Users\user\.jdks\openjdk-24.0.1\bin\java.dll
Event: 0.028 Loaded shared library C:\Users\user\.jdks\openjdk-24.0.1\bin\zip.dll
Event: 0.454 Loaded shared library C:\Users\user\.jdks\openjdk-24.0.1\bin\instrument.dll
Event: 0.651 Loaded shared library C:\Users\user\.jdks\openjdk-24.0.1\bin\jimage.dll
Event: 0.701 Loaded shared library C:\Users\user\.jdks\openjdk-24.0.1\bin\net.dll
Event: 0.704 Loaded shared library C:\Users\user\.jdks\openjdk-24.0.1\bin\nio.dll
Event: 0.746 Loaded shared library C:\Users\user\.jdks\openjdk-24.0.1\bin\zip.dll
Event: 1.074 Loaded shared library C:\Users\user\.jdks\openjdk-24.0.1\bin\management.dll
Event: 1.107 Loaded shared library C:\Users\user\.jdks\openjdk-24.0.1\bin\management_ext.dll
Event: 1.801 Loaded shared library C:\Users\user\.jdks\openjdk-24.0.1\bin\extnet.dll
Event: 5.061 Loaded shared library C:\Users\user\.jdks\openjdk-24.0.1\bin\sunmscapi.dll
Event: 9.565 Loaded shared library C:\Users\user\.jdks\openjdk-24.0.1\bin\verify.dll
Event: 310.479 Loaded shared library C:\Users\user\AppData\Local\Temp\idea_libasyncProfiler_dll_temp_folder1\libasyncProfiler.dll

Deoptimization events (20 events):
Event: 33.075 Thread 0x00000188cbba82d0 DEOPT PACKING pc=0x00000188e91cfad1 sp=0x00000050308f9030
Event: 33.075 Thread 0x00000188cbba82d0 DEOPT UNPACKING pc=0x00000188e8e35722 sp=0x00000050308f84d8 mode 1
Event: 33.075 Thread 0x00000188cbba82d0 DEOPT PACKING pc=0x00000188e91cf40c sp=0x00000050308f9090
Event: 33.075 Thread 0x00000188cbba82d0 DEOPT UNPACKING pc=0x00000188e8e35722 sp=0x00000050308f8538 mode 1
Event: 33.075 Thread 0x00000188cbba82d0 DEOPT PACKING pc=0x00000188e96258b4 sp=0x00000050308f9a00
Event: 33.075 Thread 0x00000188cbba82d0 DEOPT UNPACKING pc=0x00000188e8e35722 sp=0x00000050308f8e70 mode 1
Event: 33.075 Thread 0x00000188cbba82d0 DEOPT PACKING pc=0x00000188e91cfad1 sp=0x00000050308f9030
Event: 33.075 Thread 0x00000188cbba82d0 DEOPT UNPACKING pc=0x00000188e8e35722 sp=0x00000050308f84d8 mode 1
Event: 33.075 Thread 0x00000188cbba82d0 DEOPT PACKING pc=0x00000188e91cf40c sp=0x00000050308f9090
Event: 33.075 Thread 0x00000188cbba82d0 DEOPT UNPACKING pc=0x00000188e8e35722 sp=0x00000050308f8538 mode 1
Event: 33.075 Thread 0x00000188cbba82d0 DEOPT PACKING pc=0x00000188e96258b4 sp=0x00000050308f9a00
Event: 33.075 Thread 0x00000188cbba82d0 DEOPT UNPACKING pc=0x00000188e8e35722 sp=0x00000050308f8e70 mode 1
Event: 33.244 Thread 0x00000188cbba82d0 DEOPT PACKING pc=0x00000188e93752f4 sp=0x00000050308fb100
Event: 33.244 Thread 0x00000188cbba82d0 DEOPT UNPACKING pc=0x00000188e8e35722 sp=0x00000050308fa608 mode 1
Event: 33.244 Thread 0x00000188cbba82d0 DEOPT PACKING pc=0x00000188e90171dc sp=0x00000050308fb1c0
Event: 33.244 Thread 0x00000188cbba82d0 DEOPT UNPACKING pc=0x00000188e8e35722 sp=0x00000050308fa690 mode 1
Event: 225.070 Thread 0x00000188cbba82d0 DEOPT PACKING pc=0x00000188e9515acc sp=0x00000050308fbbe0
Event: 225.070 Thread 0x00000188cbba82d0 DEOPT UNPACKING pc=0x00000188e8e35722 sp=0x00000050308fb0a0 mode 0
Event: 225.071 Thread 0x00000188cbba82d0 DEOPT PACKING pc=0x00000188e951676c sp=0x00000050308fbd40
Event: 225.071 Thread 0x00000188cbba82d0 DEOPT UNPACKING pc=0x00000188e8e35722 sp=0x00000050308fb230 mode 0

Classes loaded (20 events):
Event: 260.132 Loading class org/springframework/util/TypeUtils
Event: 260.132 Loading class org/springframework/util/TypeUtils done
Event: 260.144 Loading class org/apache/coyote/http11/Constants
Event: 260.144 Loading class org/apache/coyote/http11/Constants done
Event: 260.148 Loading class org/apache/tomcat/util/buf/HexUtils
Event: 260.148 Loading class org/apache/tomcat/util/buf/HexUtils done
Event: 310.436 Loading class kotlinx/coroutines/debug/internal/DebugProbesImpl
Event: 310.436 Loading class kotlinx/coroutines/debug/internal/DebugProbesImpl done
Event: 310.476 Loading class org/springframework/web/servlet/ModelAndViewDefiningException
Event: 310.476 Loading class org/springframework/web/servlet/ModelAndViewDefiningException done
Event: 310.483 Loading class org/springframework/web/method/annotation/ExceptionHandlerMethodResolver
Event: 310.483 Loading class org/springframework/web/method/annotation/ExceptionHandlerMethodResolver done
Event: 310.505 Loading class org/springframework/web/bind/annotation/SessionAttribute
Event: 310.505 Loading class org/springframework/web/bind/annotation/SessionAttribute done
Event: 310.518 Loading class org/hibernate/engine/spi/SharedSessionContractImplementor
Event: 310.518 Loading class org/hibernate/engine/spi/SharedSessionContractImplementor done
Event: 310.518 Loading class org/hibernate/engine/spi/SharedSessionContractImplementor
Event: 310.518 Loading class org/hibernate/engine/spi/SharedSessionContractImplementor done
Event: 310.522 Loading class org/hibernate/internal/util/collections/IdentityMap$IdentityKey
Event: 310.522 Loading class org/hibernate/internal/util/collections/IdentityMap$IdentityKey done

Classes unloaded (7 events):
Event: 32.810 Thread 0x00000188dfa82350 Unloading class 0x00000188810c2800 'java/lang/invoke/LambdaForm$DMH+0x00000188810c2800'
Event: 32.810 Thread 0x00000188dfa82350 Unloading class 0x00000188810c2000 'java/lang/invoke/LambdaForm$DMH+0x00000188810c2000'
Event: 32.810 Thread 0x00000188dfa82350 Unloading class 0x00000188810c1400 'java/lang/invoke/LambdaForm$DMH+0x00000188810c1400'
Event: 32.810 Thread 0x00000188dfa82350 Unloading class 0x00000188810c1000 'java/lang/invoke/LambdaForm$DMH+0x00000188810c1000'
Event: 32.810 Thread 0x00000188dfa82350 Unloading class 0x0000018881002000 'java/lang/invoke/LambdaForm$MH+0x0000018881002000'
Event: 32.810 Thread 0x00000188dfa82350 Unloading class 0x0000018881001c00 'java/lang/invoke/LambdaForm$MH+0x0000018881001c00'
Event: 32.810 Thread 0x00000188dfa82350 Unloading class 0x0000018881001800 'java/lang/invoke/LambdaForm$MH+0x0000018881001800'

Classes redefined (1 events):
Event: 0.564 Thread 0x00000188dfa82350 redefined class name=java.lang.Throwable, count=1

Internal exceptions (20 events):
Event: 17.541 Thread 0x00000188df8cc750 Exception <a 'java/io/IOException'{0x0000000093b07cd0}> (0x0000000093b07cd0) 
thrown [s\open\src\hotspot\share\prims\jni.cpp, line 518]
Event: 17.986 Thread 0x00000188df8cc750 Exception <a 'java/lang/IncompatibleClassChangeError'{0x0000000094d25e80}: Found class java.lang.Object, but interface was expected> (0x0000000094d25e80) 
thrown [s\open\src\hotspot\share\interpreter\linkResolver.cpp, line 872]
Event: 18.414 Thread 0x00000188df8cc750 Exception <a 'java/lang/NoSuchMethodError'{0x00000000941f71c8}: 'java.lang.Object java.lang.invoke.DirectMethodHandle$Holder.invokeInterface(java.lang.Object, java.lang.Object, java.lang.Object, java.lang.Object)'> (0x00000000941f71c8) 
thrown [s\open\src\hotspot\share\interpreter\linkResolver.cpp, line 805]
Event: 18.604 Thread 0x00000188df8cc750 Exception <a 'java/lang/NoSuchMethodError'{0x0000000093c66e00}: 'int java.lang.invoke.DirectMethodHandle$Holder.invokeStaticInit(java.lang.Object, java.lang.Object, java.lang.Object, java.lang.Object)'> (0x0000000093c66e00) 
thrown [s\open\src\hotspot\share\interpreter\linkResolver.cpp, line 805]
Event: 18.724 Thread 0x00000188df8cc750 Exception <a 'java/lang/NoSuchMethodError'{0x0000000097f6e0f0}: 'java.lang.Object java.lang.invoke.DirectMethodHandle$Holder.invokeVirtual(java.lang.Object, java.lang.Object, java.lang.Object, java.lang.Object, java.lang.Object, java.lang.Object, java.lang.Object, java.lang.Object, java.lang.Object)'> (0x0000000097f6e0f0) 
thrown [s\open\src\hotspot\share\interpreter\linkResolver.cpp, line 805]
Event: 18.786 Thread 0x00000188df8cc750 Exception <a 'java/lang/NoSuchMethodError'{0x0000000097327ba0}: 'java.lang.Object java.lang.invoke.DirectMethodHandle$Holder.invokeVirtual(java.lang.Object, java.lang.Object, java.lang.Object, java.lang.Object, java.lang.Object, java.lang.Object, java.lang.Object)'> (0x0000000097327ba0) 
thrown [s\open\src\hotspot\share\interpreter\linkResolver.cpp, line 805]
Event: 18.831 Thread 0x00000188df8cc750 Exception <a 'java/lang/NoSuchMethodError'{0x0000000097232af8}: 'java.lang.Object java.lang.invoke.DirectMethodHandle$Holder.invokeVirtual(java.lang.Object, java.lang.Object, java.lang.Object, java.lang.Object, java.lang.Object, java.lang.Object, java.lang.Object, java.lang.Object, java.lang.Object, java.lang.Object)'> (0x0000000097232af8) 
thrown [s\open\src\hotspot\share\interpreter\linkResolver.cpp, line 805]
Event: 18.870 Thread 0x00000188df8cc750 Exception <a 'java/lang/NoSuchMethodError'{0x00000000971b03d0}: 'java.lang.Object java.lang.invoke.DirectMethodHandle$Holder.invokeStatic(java.lang.Object, java.lang.Object, java.lang.Object, java.lang.Object, java.lang.Object, java.lang.Object, java.lang.Object, java.lang.Object, java.lang.Object, java.lang.Object, java.lang.Object)'> (0x00000000971b03d0) 
thrown [s\open\src\hotspot\share\interpreter\linkResolver.cpp, line 805]
Event: 18.873 Thread 0x00000188df8cc750 Exception <a 'java/lang/NoSuchMethodError'{0x00000000971e48f0}: 'java.lang.Object java.lang.invoke.DirectMethodHandle$Holder.invokeStatic(java.lang.Object, java.lang.Object, java.lang.Object, java.lang.Object, java.lang.Object, java.lang.Object, java.lang.Object, java.lang.Object, java.lang.Object, java.lang.Object, java.lang.Object, java.lang.Object)'> (0x00000000971e48f0) 
thrown [s\open\src\hotspot\share\interpreter\linkResolver.cpp, line 805]
Event: 18.945 Thread 0x00000188df8cc750 Exception <a 'java/lang/IncompatibleClassChangeError'{0x0000000094f931c0}: Found class java.lang.Object, but interface was expected> (0x0000000094f931c0) 
thrown [s\open\src\hotspot\share\interpreter\linkResolver.cpp, line 872]
Event: 19.158 Thread 0x00000188df8cc750 Exception <a 'java/lang/NoSuchMethodError'{0x0000000094ae4888}: 'java.lang.Object java.lang.invoke.DirectMethodHandle$Holder.newInvokeSpecial(java.lang.Object, java.lang.Object, int, java.lang.Object, java.lang.Object)'> (0x0000000094ae4888) 
thrown [s\open\src\hotspot\share\interpreter\linkResolver.cpp, line 805]
Event: 32.170 Thread 0x00000188d01d27b0 Exception <a 'java/lang/NoSuchMethodError'{0x000000009463aac0}: 'java.lang.Object java.lang.invoke.DirectMethodHandle$Holder.invokeStatic(java.lang.Object, java.lang.Object, java.lang.Object, int, int)'> (0x000000009463aac0) 
thrown [s\open\src\hotspot\share\interpreter\linkResolver.cpp, line 805]
Event: 32.170 Thread 0x00000188d01d27b0 Exception <a 'java/lang/NoSuchMethodError'{0x0000000094642b18}: 'java.lang.Object java.lang.invoke.DirectMethodHandle$Holder.invokeStaticInit(java.lang.Object, java.lang.Object, java.lang.Object, int, int)'> (0x0000000094642b18) 
thrown [s\open\src\hotspot\share\interpreter\linkResolver.cpp, line 805]
Event: 32.274 Thread 0x00000188cbba82d0 Exception <a 'java/lang/NoSuchMethodError'{0x0000000094572b58}: 'java.lang.Object java.lang.invoke.DirectMethodHandle$Holder.invokeSpecial(java.lang.Object, java.lang.Object, java.lang.Object, java.lang.Object, java.lang.Object, long)'> (0x0000000094572b58) 
thrown [s\open\src\hotspot\share\interpreter\linkResolver.cpp, line 805]
Event: 32.275 Thread 0x00000188cbba82d0 Exception <a 'java/lang/NoSuchMethodError'{0x000000009457b498}: 'java.lang.Object java.lang.invoke.DirectMethodHandle$Holder.invokeSpecial(java.lang.Object, java.lang.Object, java.lang.Object, java.lang.Object, java.lang.Object, java.lang.Object, long)'> (0x000000009457b498) 
thrown [s\open\src\hotspot\share\interpreter\linkResolver.cpp, line 805]
Event: 32.275 Thread 0x00000188cbba82d0 Exception <a 'java/lang/NoSuchMethodError'{0x0000000094583830}: 'java.lang.Object java.lang.invoke.DelegatingMethodHandle$Holder.reinvoke_L(java.lang.Object, java.lang.Object, java.lang.Object, java.lang.Object, java.lang.Object, long)'> (0x0000000094583830) 
thrown [s\open\src\hotspot\share\interpreter\linkResolver.cpp, line 805]
Event: 32.276 Thread 0x00000188cbba82d0 Exception <a 'java/lang/NoSuchMethodError'{0x0000000094593ef8}: 'java.lang.Object java.lang.invoke.Invokers$Holder.linkToTargetMethod(java.lang.Object, java.lang.Object, java.lang.Object, long, java.lang.Object)'> (0x0000000094593ef8) 
thrown [s\open\src\hotspot\share\interpreter\linkResolver.cpp, line 805]
Event: 32.973 Thread 0x00000188cbba82d0 Exception <a 'java/lang/NoSuchMethodError'{0x00000000950358e0}: 'void java.lang.invoke.DirectMethodHandle$Holder.invokeSpecialIFC(java.lang.Object, java.lang.Object, int, java.lang.Object, java.lang.Object, java.lang.Object, java.lang.Object)'> (0x00000000950358e0) 
thrown [s\open\src\hotspot\share\interpreter\linkResolver.cpp, line 805]
Event: 33.263 Thread 0x00000188cbba82d0 Exception <a 'java/lang/IncompatibleClassChangeError'{0x0000000094bc15b0}: Found class java.lang.Object, but interface was expected> (0x0000000094bc15b0) 
thrown [s\open\src\hotspot\share\interpreter\linkResolver.cpp, line 872]
Event: 260.152 Thread 0x00000188cbba82d0 Exception <a 'java/io/IOException'{0x00000000943f2118}> (0x00000000943f2118) 
thrown [s\open\src\hotspot\share\prims\jni.cpp, line 518]

VM Operations (20 events):
Event: 264.715 Executing VM operation: ChangeSingleStep
Event: 264.715 Executing VM operation: ChangeSingleStep done
Event: 264.791 Executing VM operation: get/set locals
Event: 264.792 Executing VM operation: get/set locals done
Event: 264.999 Executing VM operation: get/set locals
Event: 264.999 Executing VM operation: get/set locals done
Event: 264.999 Executing VM operation: get/set locals
Event: 264.999 Executing VM operation: get/set locals done
Event: 264.999 Executing VM operation: get/set locals
Event: 264.999 Executing VM operation: get/set locals done
Event: 264.999 Executing VM operation: get/set locals
Event: 264.999 Executing VM operation: get/set locals done
Event: 264.999 Executing VM operation: get/set locals
Event: 264.999 Executing VM operation: get/set locals done
Event: 264.999 Executing VM operation: get/set locals
Event: 264.999 Executing VM operation: get/set locals done
Event: 265.000 Executing VM operation: get/set locals
Event: 265.000 Executing VM operation: get/set locals done
Event: 265.000 Executing VM operation: get/set locals
Event: 265.000 Executing VM operation: get/set locals done

Memory protections (0 events):
No events

Nmethod flushes (20 events):
Event: 16.354 Thread 0x00000188dfa82350 flushing  nmethod 0x00000188e950ed08
Event: 16.354 Thread 0x00000188dfa82350 flushing  nmethod 0x00000188e95f8208
Event: 16.354 Thread 0x00000188dfa82350 flushing  nmethod 0x00000188e9660688
Event: 16.354 Thread 0x00000188dfa82350 flushing  nmethod 0x00000188e9663088
Event: 32.823 Thread 0x00000188dfa82350 flushing  nmethod 0x00000188e915cc88
Event: 32.823 Thread 0x00000188dfa82350 flushing  nmethod 0x00000188e94c9888
Event: 32.823 Thread 0x00000188dfa82350 flushing  nmethod 0x00000188e94dbc88
Event: 32.823 Thread 0x00000188dfa82350 flushing  nmethod 0x00000188e950c888
Event: 32.823 Thread 0x00000188dfa82350 flushing  nmethod 0x00000188e959bf08
Event: 32.823 Thread 0x00000188dfa82350 flushing  nmethod 0x00000188e9777108
Event: 32.823 Thread 0x00000188dfa82350 flushing  nmethod 0x00000188e9782e08
Event: 32.823 Thread 0x00000188dfa82350 flushing  nmethod 0x00000188e945c708
Event: 32.823 Thread 0x00000188dfa82350 flushing  nmethod 0x00000188e9484288
Event: 32.823 Thread 0x00000188dfa82350 flushing  nmethod 0x00000188e9484608
Event: 32.823 Thread 0x00000188dfa82350 flushing  nmethod 0x00000188e96d4688
Event: 32.823 Thread 0x00000188dfa82350 flushing  nmethod 0x00000188e976cb08
Event: 32.823 Thread 0x00000188dfa82350 flushing  nmethod 0x00000188e9777e88
Event: 32.823 Thread 0x00000188dfa82350 flushing  nmethod 0x00000188e9788908
Event: 32.823 Thread 0x00000188dfa82350 flushing  nmethod 0x00000188e955c488
Event: 32.823 Thread 0x00000188dfa82350 flushing  nmethod 0x00000188e9762588

Events (20 events):
Event: 16.471 Thread 0x00000188df8cc750 Thread added: 0x00000188cab01b00
Event: 16.473 Thread 0x00000188cab01b00 Thread added: 0x00000188cab04e30
Event: 16.483 Thread 0x00000188df8cc750 Thread added: 0x00000188cab05580
Event: 17.170 Thread 0x00000188c99504a0 Thread exited: 0x00000188c99504a0
Event: 19.181 Thread 0x00000188df8cc750 Thread added: 0x00000188cbba4850
Event: 19.182 Thread 0x00000188df8cc750 Thread added: 0x00000188cbba82d0
Event: 19.182 Thread 0x00000188df8cc750 Thread added: 0x00000188cbba4100
Event: 19.182 Thread 0x00000188df8cc750 Thread added: 0x00000188cbba6ce0
Event: 19.182 Thread 0x00000188df8cc750 Thread added: 0x00000188cbba1520
Event: 19.183 Thread 0x00000188df8cc750 Thread added: 0x00000188cbba8a20
Event: 19.183 Thread 0x00000188df8cc750 Thread added: 0x00000188cbba3260
Event: 19.184 Thread 0x00000188df8cc750 Thread added: 0x00000188d01d11c0
Event: 19.185 Thread 0x00000188df8cc750 Thread added: 0x00000188d01d2060
Event: 19.187 Thread 0x00000188df8cc750 Thread added: 0x00000188d01cde90
Event: 19.216 Thread 0x00000188df8cc750 Thread added: 0x00000188d01d1910
Event: 19.219 Thread 0x00000188df8cc750 Thread added: 0x00000188d01d27b0
Event: 19.254 Thread 0x00000188df8cc750 Thread exited: 0x00000188df8cc750
Event: 19.254 Thread 0x00000188d01ced30 Thread added: 0x00000188d01ced30
Event: 24.245 Thread 0x00000188c63d3240 Thread exited: 0x00000188c63d3240
Event: 32.153 Thread 0x00000188c11821f0 Thread exited: 0x00000188c11821f0


Dynamic libraries:
0x00007ff62abf0000 - 0x00007ff62abfe000 	C:\Users\user\.jdks\openjdk-24.0.1\bin\java.exe
0x00007ffce4810000 - 0x00007ffce4a07000 	C:\Windows\SYSTEM32\ntdll.dll
0x00007ffce2d50000 - 0x00007ffce2e0d000 	C:\Windows\System32\KERNEL32.DLL
0x00007ffce21c0000 - 0x00007ffce248d000 	C:\Windows\System32\KERNELBASE.dll
0x00007ffce1fe0000 - 0x00007ffce20e0000 	C:\Windows\System32\ucrtbase.dll
0x00007ffcd5df0000 - 0x00007ffcd5e0b000 	C:\Users\user\.jdks\openjdk-24.0.1\bin\VCRUNTIME140.dll
0x00007ffcda840000 - 0x00007ffcda856000 	C:\Users\user\.jdks\openjdk-24.0.1\bin\jli.dll
0x00007ffce4150000 - 0x00007ffce42f0000 	C:\Windows\System32\USER32.dll
0x00007ffccfb30000 - 0x00007ffccfdca000 	C:\Windows\WinSxS\amd64_microsoft.windows.common-controls_6595b64144ccf1df_6.0.19041.1110_none_60b5254171f9507e\COMCTL32.dll
0x00007ffce45b0000 - 0x00007ffce464e000 	C:\Windows\System32\msvcrt.dll
0x00007ffce2e10000 - 0x00007ffce2e3a000 	C:\Windows\System32\GDI32.dll
0x00007ffce26e0000 - 0x00007ffce2702000 	C:\Windows\System32\win32u.dll
0x00007ffce25a0000 - 0x00007ffce26ab000 	C:\Windows\System32\gdi32full.dll
0x00007ffce2500000 - 0x00007ffce259d000 	C:\Windows\System32\msvcp_win.dll
0x00007ffce4420000 - 0x00007ffce4450000 	C:\Windows\System32\IMM32.DLL
0x00007ffcddb00000 - 0x00007ffcddb0c000 	C:\Users\user\.jdks\openjdk-24.0.1\bin\vcruntime140_1.dll
0x00007ffcd5d60000 - 0x00007ffcd5dee000 	C:\Users\user\.jdks\openjdk-24.0.1\bin\msvcp140.dll
0x00007ffc8d3b0000 - 0x00007ffc8e152000 	C:\Users\user\.jdks\openjdk-24.0.1\bin\server\jvm.dll
0x00007ffce4720000 - 0x00007ffce47ce000 	C:\Windows\System32\ADVAPI32.dll
0x00007ffce2e40000 - 0x00007ffce2edc000 	C:\Windows\System32\sechost.dll
0x00007ffce42f0000 - 0x00007ffce4415000 	C:\Windows\System32\RPCRT4.dll
0x00007ffce4030000 - 0x00007ffce409b000 	C:\Windows\System32\WS2_32.dll
0x00007ffce1da0000 - 0x00007ffce1deb000 	C:\Windows\SYSTEM32\POWRPROF.dll
0x00007ffcd6770000 - 0x00007ffcd6797000 	C:\Windows\SYSTEM32\WINMM.dll
0x00007ffcd7850000 - 0x00007ffcd785a000 	C:\Windows\SYSTEM32\VERSION.dll
0x00007ffce1d80000 - 0x00007ffce1d92000 	C:\Windows\SYSTEM32\UMPDC.dll
0x00007ffcdfdf0000 - 0x00007ffcdfe02000 	C:\Windows\SYSTEM32\kernel.appcore.dll
0x00007ffcda420000 - 0x00007ffcda42a000 	C:\Users\user\.jdks\openjdk-24.0.1\bin\jimage.dll
0x00007ffcd90c0000 - 0x00007ffcd92a4000 	C:\Windows\SYSTEM32\DBGHELP.DLL
0x00007ffccd870000 - 0x00007ffccd89c000 	C:\Windows\SYSTEM32\dbgcore.DLL
0x00007ffce20e0000 - 0x00007ffce2162000 	C:\Windows\System32\bcryptPrimitives.dll
0x00007ffcc2860000 - 0x00007ffcc289c000 	C:\Users\user\.jdks\openjdk-24.0.1\bin\jdwp.dll
0x00007ffc92450000 - 0x00007ffc9265e000 	C:\Users\user\AppData\Local\Temp\idea_libasyncProfiler_dll_temp_folder1\libasyncProfiler.dll
0x00007ffcda3d0000 - 0x00007ffcda3df000 	C:\Users\user\.jdks\openjdk-24.0.1\bin\instrument.dll
0x00007ffcd5d00000 - 0x00007ffcd5d1e000 	C:\Users\user\.jdks\openjdk-24.0.1\bin\java.dll
0x00007ffce2c20000 - 0x00007ffce2d4a000 	C:\Windows\System32\ole32.dll
0x00007ffce36e0000 - 0x00007ffce3a34000 	C:\Windows\System32\combase.dll
0x00007ffce2f90000 - 0x00007ffce36d4000 	C:\Windows\System32\SHELL32.dll
0x00007ffcc2580000 - 0x00007ffcc2597000 	C:\Users\user\.jdks\openjdk-24.0.1\bin\zip.dll
0x00007ffcdfff0000 - 0x00007ffce0784000 	C:\Windows\SYSTEM32\windows.storage.dll
0x00007ffce17e0000 - 0x00007ffce180c000 	C:\Windows\SYSTEM32\Wldp.dll
0x00007ffce40a0000 - 0x00007ffce414d000 	C:\Windows\System32\SHCORE.dll
0x00007ffce46c0000 - 0x00007ffce4715000 	C:\Windows\System32\shlwapi.dll
0x00007ffce1e70000 - 0x00007ffce1e8f000 	C:\Windows\SYSTEM32\profapi.dll
0x00007ffcd4280000 - 0x00007ffcd428c000 	C:\Users\user\.jdks\openjdk-24.0.1\bin\dt_socket.dll
0x00007ffce12d0000 - 0x00007ffce130b000 	C:\Windows\SYSTEM32\IPHLPAPI.DLL
0x00007ffce15c0000 - 0x00007ffce162a000 	C:\Windows\system32\mswsock.dll
0x00007ffcc2570000 - 0x00007ffcc2580000 	C:\Users\user\.jdks\openjdk-24.0.1\bin\net.dll
0x00007ffcc2550000 - 0x00007ffcc2566000 	C:\Users\user\.jdks\openjdk-24.0.1\bin\nio.dll
0x00007ffce1310000 - 0x00007ffce13db000 	C:\Windows\SYSTEM32\DNSAPI.dll
0x00007ffce2c10000 - 0x00007ffce2c18000 	C:\Windows\System32\NSI.dll
0x00007ffcd7860000 - 0x00007ffcd786a000 	C:\Windows\System32\rasadhlp.dll
0x00007ffcdb2d0000 - 0x00007ffcdb350000 	C:\Windows\System32\fwpuclnt.dll
0x00007ffce26b0000 - 0x00007ffce26d7000 	C:\Windows\System32\bcrypt.dll
0x00007ffcc2540000 - 0x00007ffcc254a000 	C:\Users\user\.jdks\openjdk-24.0.1\bin\management.dll
0x00007ffcc2530000 - 0x00007ffcc253b000 	C:\Users\user\.jdks\openjdk-24.0.1\bin\management_ext.dll
0x00007ffce4650000 - 0x00007ffce4658000 	C:\Windows\System32\PSAPI.DLL
0x00007ffce1820000 - 0x00007ffce1838000 	C:\Windows\SYSTEM32\CRYPTSP.dll
0x00007ffce0f60000 - 0x00007ffce0f94000 	C:\Windows\system32\rsaenh.dll
0x00007ffce1df0000 - 0x00007ffce1e1e000 	C:\Windows\SYSTEM32\USERENV.dll
0x00007ffce1750000 - 0x00007ffce175c000 	C:\Windows\SYSTEM32\CRYPTBASE.dll
0x00007ffcda400000 - 0x00007ffcda417000 	C:\Windows\system32\napinsp.dll
0x00007ffcda3e0000 - 0x00007ffcda3fb000 	C:\Windows\system32\pnrpnsp.dll
0x00007ffcc0e10000 - 0x00007ffcc0e25000 	C:\Windows\system32\wshbth.dll
0x00007ffcdd8e0000 - 0x00007ffcdd8fd000 	C:\Windows\system32\NLAapi.dll
0x00007ffcda320000 - 0x00007ffcda332000 	C:\Windows\System32\winrnr.dll
0x00007ffcc2510000 - 0x00007ffcc2519000 	C:\Users\user\.jdks\openjdk-24.0.1\bin\extnet.dll
0x00007ffcc2520000 - 0x00007ffcc252e000 	C:\Users\user\.jdks\openjdk-24.0.1\bin\sunmscapi.dll
0x00007ffce2710000 - 0x00007ffce2866000 	C:\Windows\System32\CRYPT32.dll
0x00007ffce1930000 - 0x00007ffce1957000 	C:\Windows\SYSTEM32\ncrypt.dll
0x00007ffce18f0000 - 0x00007ffce192b000 	C:\Windows\SYSTEM32\NTASN1.dll
0x00007ffcc2500000 - 0x00007ffcc2510000 	C:\Users\user\.jdks\openjdk-24.0.1\bin\verify.dll
0x00007ffcd3960000 - 0x00007ffcd3967000 	C:\Windows\system32\wshunix.dll

JVMTI agents:
jdwp path:C:\Users\user\.jdks\openjdk-24.0.1\bin\jdwp.dll, loaded, initialized, options:transport=dt_socket,address=127.0.0.1:52849,suspend=y,server=n
C:\Users\user\AppData\Local\Temp\idea_libasyncProfiler_dll_temp_folder1\libasyncProfiler.dll path:C:\Users\user\AppData\Local\Temp\idea_libasyncProfiler_dll_temp_folder1\libasyncProfiler.dll, loaded, initialized, options:version,jfr,event=wall,interval=10ms,cstack=no,file=C:\Users\user\IdeaSnapshots\SpringYoutubeApplication_2025_07_27_175238.jfr,dbghelppath=C:\Users\user\AppData\Local\Temp\idea_dbghelp_dll_temp_folder\dbghelp.dll,log=C:\Users\user\AppData\Local\Temp\SpringYoutubeApplication_2025_07_27_175238.jfr.log.txt,logLevel=DEBUG
C:\Users\user\AppData\Local\JetBrains\IntelliJIdea2024.3\captureAgent\debugger-agent.jar path:C:\Users\user\.jdks\openjdk-24.0.1\bin\instrument.dll, loaded, initialized, instrumentlib options:none

dbghelp: loaded successfully - version: 4.0.5 - missing functions: none
symbol engine: initialized successfully - sym options: 0x614 - pdb path: .;C:\Users\user\.jdks\openjdk-24.0.1\bin;C:\Windows\SYSTEM32;C:\Windows\WinSxS\amd64_microsoft.windows.common-controls_6595b64144ccf1df_6.0.19041.1110_none_60b5254171f9507e;C:\Users\user\.jdks\openjdk-24.0.1\bin\server;C:\Users\user\AppData\Local\Temp\idea_libasyncProfiler_dll_temp_folder1

VM Arguments:
jvm_args: -agentlib:jdwp=transport=dt_socket,address=127.0.0.1:52849,suspend=y,server=n -agentpath:C:\Users\user\AppData\Local\Temp\idea_libasyncProfiler_dll_temp_folder1\libasyncProfiler.dll=version,jfr,event=wall,interval=10ms,cstack=no,file=C:\Users\user\IdeaSnapshots\SpringYoutubeApplication_2025_07_27_175238.jfr,dbghelppath=C:\Users\user\AppData\Local\Temp\idea_dbghelp_dll_temp_folder\dbghelp.dll,log=C:\Users\user\AppData\Local\Temp\SpringYoutubeApplication_2025_07_27_175238.jfr.log.txt,logLevel=DEBUG -XX:TieredStopAtLevel=1 -Dspring.output.ansi.enabled=always -Dcom.sun.management.jmxremote -Dspring.jmx.enabled=true -Dspring.liveBeansView.mbeanDomain -Dspring.application.admin.enabled=true -Dmanagement.endpoints.jmx.exposure.include=* -javaagent:C:\Users\user\AppData\Local\JetBrains\IntelliJIdea2024.3\captureAgent\debugger-agent.jar -Dkotlinx.coroutines.debug.enable.creation.stack.trace=false -Ddebugger.agent.enable.coroutines=true -Dkotlinx.coroutines.debug.enable.flows.stack.trace=true -Dkotlinx.coroutines.debug.enable.mutable.state.flows.stack.trace=true -Dfile.encoding=UTF-8 -Dsun.stdout.encoding=UTF-8 -Dsun.stderr.encoding=UTF-8 
java_command: kun_Youtube.uz.SpringYoutubeApplication
java_class_path (initial): C:\Users\user\Desktop\Springrepository\springYoutube\target\classes;C:\Users\user\.m2\repository\org\springframework\boot\spring-boot-starter-data-jpa\3.5.3\spring-boot-starter-data-jpa-3.5.3.jar;C:\Users\user\.m2\repository\org\springframework\boot\spring-boot-starter\3.5.3\spring-boot-starter-3.5.3.jar;C:\Users\user\.m2\repository\org\springframework\boot\spring-boot\3.5.3\spring-boot-3.5.3.jar;C:\Users\user\.m2\repository\org\springframework\boot\spring-boot-autoconfigure\3.5.3\spring-boot-autoconfigure-3.5.3.jar;C:\Users\user\.m2\repository\org\springframework\boot\spring-boot-starter-logging\3.5.3\spring-boot-starter-logging-3.5.3.jar;C:\Users\user\.m2\repository\ch\qos\logback\logback-classic\1.5.18\logback-classic-1.5.18.jar;C:\Users\user\.m2\repository\ch\qos\logback\logback-core\1.5.18\logback-core-1.5.18.jar;C:\Users\user\.m2\repository\org\apache\logging\log4j\log4j-to-slf4j\2.24.3\log4j-to-slf4j-2.24.3.jar;C:\Users\user\.m2\repository\org\apache\logging\log4j\log4j-api\2.24.3\log4j-api-2.24.3.jar;C:\Users\user\.m2\repository\org\slf4j\jul-to-slf4j\2.0.17\jul-to-slf4j-2.0.17.jar;C:\Users\user\.m2\repository\jakarta\annotation\jakarta.annotation-api\2.1.1\jakarta.annotation-api-2.1.1.jar;C:\Users\user\.m2\repository\org\springframework\spring-core\6.2.8\spring-core-6.2.8.jar;C:\Users\user\.m2\repository\org\springframework\spring-jcl\6.2.8\spring-jcl-6.2.8.jar;C:\Users\user\.m2\repository\org\yaml\snakeyaml\2.4\snakeyaml-2.4.jar;C:\Users\user\.m2\repository\org\springframework\boot\spring-boot-starter-jdbc\3.5.3\spring-boot-starter-jdbc-3.5.3.jar;C:\Users\user\.m2\repository\com\zaxxer\HikariCP\6.3.0\HikariCP-6.3.0.jar;C:\Users\user\.m2\repository\org\springframework\spring-jdbc\6.2.8\spring-jdbc-6.2.8.jar;C:\Users\user\.m2\repository\org\hibernate\orm\hibernate-core\6.6.18.Final\hibernate-core-6.6.18.Final.jar;C:\Users\user\.m2\repository\jakarta\persistence\jakarta.persistence-api\3.1.0\jakarta.persistence-api-3.1.0.jar;C:\Users\user\.m2\repository\jakarta\transaction\jakarta.transaction-api\2.0.1\jakarta.transaction-api-2.0.1.jar;C:\Users\user\.m2\repository\org\jboss\logging\jboss-logging\3.6.1.Final\jboss-logging-3.6.1.Final.jar;C:\Users\user\.m2\repository\org\hibernate\common\hibernate-commons-annotations\7.0.3.Final\hibernate-commons-annotations-7.0.3.Final.jar;C:\Users\user\.m2\repository\io\smallrye\jandex\3.2.0\jandex-3.2.0.jar;C:\Users\user\.m2\repository\com\fasterxml\classmate\1.7.0\classmate-1.7.0.jar;C:\Users\user\.m2\repository\net\bytebuddy\byte-buddy\1.17.6\byte-buddy-1.17.6.jar;C:\Users\user\.m2\repository\jakarta\xml\bind\jakarta.xml.bind-api\4.0.2\jakarta.xml.bind-api-4.0.2.jar;C:\Users\user\.m2\repository\jakarta\activation\jakarta.activation-api\2.1.3\jakarta.activation-api-2.1.3.jar;C:\Users\user\.m2\repository\org\glassfish\jaxb\jaxb-runtime\4.0.5\jaxb-runtime-4.0.5.jar;C:\Users\user\.m2\repository\org\glassfish\jaxb\jaxb-core\4.0.5\jaxb-core-4.0.5.jar;C:\Users\user\.m2\repository\org\eclipse\angus\angus-activation\2.0.2\angus-activation-2.0.2.jar;C:\Users\user\.m2\repository\org\glassfish\jaxb\txw2\4.0.5\txw2-4.0.5.jar;C:\Users\user\.m2\repository\com\sun\istack\istack-commons-runtime\4.1.2\istack-commons-runtime-4.1.2.jar;C:\Users\user\.m2\repository\jakarta\inject\jakarta.inject-api\2.0.1\jakarta.inject-api-2.0.1.jar;C:\Users\user\.m2\repository\org\antlr\antlr4-runtime\4.13.0\antlr4-runtime-4.13.0.jar;C:\Users\user\.m2\repository\org\springframework\data\spring-data-jpa\3.5.1\spring-data-jpa-3.5.1.jar;C:\Users\user\.m2\repository\org\springframework\data\spring-data-commons\3.5.1\spring-data-commons-3.5.1.jar;C:\Users\user\.m2\repository\org\springframework\spring-orm\6.2.8\spring-orm-6.2.8.jar;C:\Users\user\.m2\repository\org\springframework\spring-context\6.2.8\spring-context-6.2.8.jar;C:\Users\user\.m2\repository\org\springframework\spring-tx\6.2.8\spring-tx-6.2.8.jar;C:\Users\user\.m2\repository\org\springframework\spring-beans\6.2.8\spring-beans-6.2.8.jar;C:\Users\user\.m2\repository\org\slf4j\slf4j-api\2.0.17\slf4j-api-2.0.17.jar;C:\Users\user\.m2\repository\org\springframework\spring-aspects\6.2.8\spring-aspects-6.2.8.jar;C:\Users\user\.m2\repository\org\aspectj\aspectjweaver\1.9.24\aspectjweaver-1.9.24.jar;C:\Users\user\.m2\repository\org\springframework\boot\spring-boot-starter-validation\3.5.3\spring-boot-starter-validation-3.5.3.jar;C:\Users\user\.m2\repository\org\apache\tomcat\embed\tomcat-embed-el\10.1.42\tomcat-embed-el-10.1.42.jar;C:\Users\user\.m2\repository\org\hibernate\validator\hibernate-validator\8.0.2.Final\hibernate-validator-8.0.2.Final.jar;C:\Users\user\.m2\repository\jakarta\validation\jakarta.validation-api\3.0.2\jakarta.validation-api-3.0.2.jar;C:\Users\user\.m2\repository\org\springframework\boot\spring-boot-starter-web\3.5.3\spring-boot-starter-web-3.5.3.jar;C:\Users\user\.m2\repository\org\springframework\boot\spring-boot-starter-json\3.5.3\spring-boot-starter-json-3.5.3.jar;C:\Users\user\.m2\repository\com\fasterxml\jackson\datatype\jackson-datatype-jdk8\2.19.1\jackson-datatype-jdk8-2.19.1.jar;C:\Users\user\.m2\repository\com\fasterxml\jackson\datatype\jackson-datatype-jsr310\2.19.1\jackson-datatype-jsr310-2.19.1.jar;C:\Users\user\.m2\repository\com\fasterxml\jackson\module\jackson-module-parameter-names\2.19.1\jackson-module-parameter-names-2.19.1.jar;C:\Users\user\.m2\repository\org\springframework\boot\spring-boot-starter-tomcat\3.5.3\spring-boot-starter-tomcat-3.5.3.jar;C:\Users\user\.m2\repository\org\apache\tomcat\embed\tomcat-embed-core\10.1.42\tomcat-embed-core-10.1.42.jar;C:\Users\user\.m2\repository\org\apache\tomcat\embed\tomcat-embed-websocket\10.1.42\tomcat-embed-websocket-10.1.42.jar;C:\Users\user\.m2\repository\org\springframework\spring-web\6.2.8\spring-web-6.2.8.jar;C:\Users\user\.m2\repository\io\micrometer\micrometer-observation\1.15.1\micrometer-observation-1.15.1.jar;C:\Users\user\.m2\repository\io\micrometer\micrometer-commons\1.15.1\micrometer-commons-1.15.1.jar;C:\Users\user\.m2\repository\org\springframework\spring-webmvc\6.2.8\spring-webmvc-6.2.8.jar;C:\Users\user\.m2\repository\org\springframework\spring-expression\6.2.8\spring-expression-6.2.8.jar;C:\Users\user\.m2\repository\org\projectlombok\lombok\1.18.38\lombok-1.18.38.jar;C:\Users\user\.m2\repository\io\jsonwebtoken\jjwt-api\0.12.6\jjwt-api-0.12.6.jar;C:\Users\user\.m2\repository\io\jsonwebtoken\jjwt-impl\0.12.6\jjwt-impl-0.12.6.jar;C:\Users\user\.m2\repository\io\jsonwebtoken\jjwt-jackson\0.12.6\jjwt-jackson-0.12.6.jar;C:\Users\user\.m2\repository\com\fasterxml\jackson\core\jackson-databind\2.19.1\jackson-databind-2.19.1.jar;C:\Users\user\.m2\repository\com\fasterxml\jackson\core\jackson-annotations\2.19.1\jackson-annotations-2.19.1.jar;C:\Users\user\.m2\repository\com\fasterxml\jackson\core\jackson-core\2.19.1\jackson-core-2.19.1.jar;C:\Users\user\.m2\repository\org\springframework\security\spring-security-crypto\6.5.0\spring-security-crypto-6.5.0.jar;C:\Users\user\.m2\repository\org\postgresql\postgresql\42.7.7\postgresql-42.7.7.jar;C:\Users\user\.m2\repository\org\checkerframework\checker-qual\3.49.3\checker-qual-3.49.3.jar;C:\Users\user\.m2\repository\org\springframework\boot\spring-boot-starter-security\3.5.3\spring-boot-starter-security-3.5.3.jar;C:\Users\user\.m2\repository\org\springframework\spring-aop\6.2.8\spring-aop-6.2.8.jar;C:\Users\user\.m2\repository\org\springframework\security\spring-security-config\6.5.1\spring-security-config-6.5.1.jar;C:\Users\user\.m2\repository\org\springframework\security\spring-security-core\6.5.1\spring-security-core-6.5.1.jar;C:\Users\user\.m2\repository\org\springframework\security\spring-security-web\6.5.1\spring-security-web-6.5.1.jar;C:\Users\user\.m2\repository\org\springdoc\springdoc-openapi-starter-webmvc-ui\2.7.0\springdoc-openapi-starter-webmvc-ui-2.7.0.jar;C:\Users\user\.m2\repository\org\springdoc\springdoc-openapi-starter-webmvc-api\2.7.0\springdoc-openapi-starter-webmvc-api-2.7.0.jar;C:\Users\user\.m2\repository\org\springdoc\springdoc-openapi-starter-common\2.7.0\springdoc-openapi-starter-common-2.7.0.jar;C:\Users\user\.m2\repository\io\swagger\core\v3\swagger-core-jakarta\2.2.25\swagger-core-jakarta-2.2.25.jar;C:\Users\user\.m2\repository\org\apache\commons\commons-lang3\3.17.0\commons-lang3-3.17.0.jar;C:\Users\user\.m2\repository\io\swagger\core\v3\swagger-annotations-jakarta\2.2.25\swagger-annotations-jakarta-2.2.25.jar;C:\Users\user\.m2\repository\io\swagger\core\v3\swagger-models-jakarta\2.2.25\swagger-models-jakarta-2.2.25.jar;C:\Users\user\.m2\repository\com\fasterxml\jackson\dataformat\jackson-dataformat-yaml\2.19.1\jackson-dataformat-yaml-2.19.1.jar;C:\Users\user\.m2\repository\org\webjars\swagger-ui\5.18.2\swagger-ui-5.18.2.jar;C:\Users\user\.m2\repository\org\webjars\webjars-locator-lite\1.1.0\webjars-locator-lite-1.1.0.jar;C:\Users\user\.m2\repository\org\jspecify\jspecify\1.0.0\jspecify-1.0.0.jar;C:\Program Files\JetBrains\IntelliJ IDEA 2024.3.5\lib\idea_rt.jar
Launcher Type: SUN_STANDARD

[Global flags]
     intx CICompilerCount                          = 3                                         {product} {ergonomic}
     uint ConcGCThreads                            = 1                                         {product} {ergonomic}
     uint G1ConcRefinementThreads                  = 4                                         {product} {ergonomic}
   size_t G1HeapRegionSize                         = 1048576                                   {product} {ergonomic}
   size_t InitialHeapSize                          = 117440512                                 {product} {ergonomic}
     bool ManagementServer                         = true                                      {product} {command line}
   size_t MarkStackSize                            = 4194304                                   {product} {ergonomic}
   size_t MarkStackSizeMax                         = 536870912                                 {product} {ergonomic}
   size_t MaxHeapSize                              = 1862270976                                {product} {ergonomic}
   size_t MaxNewSize                               = 1116733440                                {product} {ergonomic}
   size_t MinHeapDeltaBytes                        = 1048576                                   {product} {ergonomic}
   size_t MinHeapSize                              = 8388608                                   {product} {ergonomic}
    uintx NonNMethodCodeHeapSize                   = 4096                                   {pd product} {ergonomic}
    uintx NonProfiledCodeHeapSize                  = 0                                      {pd product} {ergonomic}
     bool ProfileInterpreter                       = false                                  {pd product} {command line}
    uintx ProfiledCodeHeapSize                     = 0                                      {pd product} {ergonomic}
   size_t SoftMaxHeapSize                          = 1862270976                             {manageable} {ergonomic}
     intx TieredStopAtLevel                        = 1                                         {product} {command line}
     bool UseCompressedOops                        = true                           {product lp64_product} {ergonomic}
     bool UseG1GC                                  = true                                      {product} {ergonomic}
     bool UseLargePagesIndividualAllocation        = false                                  {pd product} {ergonomic}

Logging:
Log output configuration:
 #0: stdout all=warning uptime,level,tags foldmultilines=false
 #1: stderr all=off uptime,level,tags foldmultilines=false

Environment Variables:
PATH=C:\Program Files\Common Files\Oracle\Java\javapath;c:\users\user\gcc\bin;c:\users\user\gcc\libexec\gcc\x86_64-w64-mingw32\11.2.0;C:\Windows\system32;C:\Windows;C:\Windows\System32\Wbem;C:\Windows\System32\WindowsPowerShell\v1.0\;C:\Windows\System32\OpenSSH\;C:\Program Files\Git\cmd;;C:\Program Files\Docker\Docker\resources\bin;C:\Users\user\AppData\Local\Programs\Python\Python313\Scripts\;C:\Users\user\AppData\Local\Programs\Python\Python313\;C:\Users\user\AppData\Local\Microsoft\WindowsApps;C:\Users\user\AppData\Local\Programs\Microsoft VS Code\bin;C:\Program Files\JetBrains\IntelliJ IDEA Community Edition 2024.3.2.2\bin;C:\Program Files\JetBrains\IntelliJ IDEA 2024.3.3\bin;C:\Users\user\AppData\Local\JetBrains\Toolbox\scripts;;C:\Program Files\JetBrains\IntelliJ IDEA 2024.3.5\bin;
USERNAME=user
OS=Windows_NT
PROCESSOR_IDENTIFIER=AMD64 Family 23 Model 17 Stepping 0, AuthenticAMD
TMP=C:\Users\user\AppData\Local\Temp
TEMP=C:\Users\user\AppData\Local\Temp




Periodic native trim disabled

---------------  S Y S T E M  ---------------

OS:
 Windows 10 , 64 bit Build 19041 (10.0.19041.1741)
OS uptime: 2 days 7:01 hours
Hyper-V role detected

CPU: total 4 (initial active 4) (4 cores per cpu, 1 threads per core) family 23 model 17 stepping 0 microcode 0x0, cx8, cmov, fxsr, mmx, 3dnowpref, sse, sse2, sse3, ssse3, sse4a, sse4.1, sse4.2, popcnt, lzcnt, tsc, tscinvbit, avx, avx2, aes, clmul, bmi1, bmi2, adx, sha, fma, vzeroupper, clflush, clflushopt, hv, rdtscp, f16c
Processor Information for the first 4 processors :
  Max Mhz: 2000, Current Mhz: 2000, Mhz Limit: 2000

Memory: 4k page, system-wide physical 7101M (792M free)
TotalPageFile size 14013M (AvailPageFile size 4220M)
current process WorkingSet (physical memory assigned to process): 322M, peak: 322M
current process commit charge ("private bytes"): 363M, peak: 363M

vm_info: OpenJDK 64-Bit Server VM (24.0.1+9-30) for windows-amd64 JRE (24.0.1+9-30), built on 2025-03-05T07:23:45Z with MS VC++ 17.6 (VS2022)

END.
